#
# A fatal error has been detected by the Java Runtime Environment:
#
#  EXCEPTION_ACCESS_VIOLATION (0xc0000005) at pc=0x00007ff83909c805, pid=18676, tid=28600
#
# JRE version: Java(TM) SE Runtime Environment 18.9 (11.0.9+7) (build 11.0.9+7-LTS)
# Java VM: Java HotSpot(TM) 64-Bit Server VM 18.9 (11.0.9+7-LTS, mixed mode, tiered, compressed oops, g1 gc, windows-amd64)
# Problematic frame:
# V  [jvm.dll+0x1ec805]
#
# No core dump will be written. Minidumps are not enabled by default on client versions of Windows
#
# If you would like to submit a bug report, please visit:
#   https://bugreport.java.com/bugreport/crash.jsp
#

---------------  S U M M A R Y ------------

Command Line: --add-opens=java.base/java.util=ALL-UNNAMED --add-opens=java.base/java.lang=ALL-UNNAMED --add-opens=java.base/java.lang.invoke=ALL-UNNAMED --add-opens=java.prefs/java.util.prefs=ALL-UNNAMED -Xmx2048m -Dfile.encoding=UTF-8 -Duser.country=CN -Duser.language=zh -Duser.variant org.gradle.launcher.daemon.bootstrap.GradleDaemon 6.5

Host: Intel(R) Core(TM) i7-8750H CPU @ 2.20GHz, 12 cores, 15G,  Windows 10 , 64 bit Build 19041 (10.0.19041.662)
Time: Fri Jan 22 06:37:26 2021 中国标准时间 elapsed time: 2870.296007 seconds (0d 0h 47m 50s)

---------------  T H R E A D  ---------------

Current thread (0x000002800d680800):  ConcurrentGCThread "G1 Conc#0" [stack: 0x000000f9ee100000,0x000000f9ee200000] [id=28600]

Stack: [0x000000f9ee100000,0x000000f9ee200000],  sp=0x000000f9ee1ff300,  free space=1020k
Native frames: (J=compiled Java code, j=interpreted, Vv=VM code, C=native code)
V  [jvm.dll+0x1ec805]
V  [jvm.dll+0x1ec6e2]
V  [jvm.dll+0x1eabbd]
V  [jvm.dll+0x1ea461]
V  [jvm.dll+0x2ded79]
V  [jvm.dll+0x2dd956]
V  [jvm.dll+0x2df3bc]
V  [jvm.dll+0x2de33e]
V  [jvm.dll+0x2e1dc6]
V  [jvm.dll+0x775660]
V  [jvm.dll+0x709114]
V  [jvm.dll+0x610cb6]
C  [ucrtbase.dll+0x214c2]
C  [KERNEL32.DLL+0x17034]
C  [ntdll.dll+0x4d0d1]


siginfo: EXCEPTION_ACCESS_VIOLATION (0xc0000005), reading address 0x0000000000000160


Register to memory mapping:

RIP=0x00007ff83909c805 jvm.dll
RAX=0x000002800d65fd00 points into unknown readable memory: 00 00 00 00 00 00 00 00
RBX=0x000002800d687140 points into unknown readable memory: b0 b9 6f 39 f8 7f 00 00
RCX=0x0000000000000014 is an unknown value
RDX=0x0000000000000001 is an unknown value
RSP=0x000000f9ee1ff300 points into unknown readable memory: b0 27 65 0d 80 02 00 00
RBP=0x0 is NULL
RSI=0x000000010045b0b0 is pointing into metadata
RDI=0x0000000000000003 is an unknown value
R8 =0x0000000000000003 is an unknown value
R9 =0x0 is NULL
R10=0x0 is NULL
R11=0x346dc5d63886594b is an unknown value
R12=0x0000000000000001 is an unknown value
R13=0x000000010045ae50 is a pointer to class: 
org.codehaus.groovy.util.ReferenceType$SoftRef {0x000000010045ae58}
R14=0x000000010045b0b8 is a pointer to class: 
org.codehaus.groovy.transform.trait.Traits$Implemented {0x000000010045b0c0}
R15=0x000002800b49e9c0 points into unknown readable memory: 00 e8 67 0d 80 02 00 00


Registers:
RAX=0x000002800d65fd00, RBX=0x000002800d687140, RCX=0x0000000000000014, RDX=0x0000000000000001
RSP=0x000000f9ee1ff300, RBP=0x0000000000000000, RSI=0x000000010045b0b0, RDI=0x0000000000000003
R8 =0x0000000000000003, R9 =0x0000000000000000, R10=0x0000000000000000, R11=0x346dc5d63886594b
R12=0x0000000000000001, R13=0x000000010045ae50, R14=0x000000010045b0b8, R15=0x000002800b49e9c0
RIP=0x00007ff83909c805, EFLAGS=0x0000000000010246

Top of Stack: (sp=0x000000f9ee1ff300)
0x000000f9ee1ff300:   000002800d6527b0 00007ff83950b71f
0x000000f9ee1ff310:   0000000082cbd0c8 0000000000000000
0x000000f9ee1ff320:   0000000082cbce08 000002800d687280
0x000000f9ee1ff330:   0000000000000003 00007ff83909c6e2
0x000000f9ee1ff340:   000002800d687140 000000010045b0a8
0x000000f9ee1ff350:   000000010045b0b8 000000f9ee1ff4e8
0x000000f9ee1ff360:   0000000082cbce34 00007ff83909abbd
0x000000f9ee1ff370:   0000000000000006 0000000082cbce30
0x000000f9ee1ff380:   000000f9ee1ff4e8 000000f9ee1ff4e8
0x000000f9ee1ff390:   000002800d681601 000002800b49e9d8
0x000000f9ee1ff3a0:   0000000000000000 00007ff83909a461
0x000000f9ee1ff3b0:   000000010045ae50 0000000000000006
0x000000f9ee1ff3c0:   000000f9ee1ff4e8 0000000082cbce08
0x000000f9ee1ff3d0:   000002800d687140 00007ff83918ed79
0x000000f9ee1ff3e0:   0000000082cbce08 0000000000000000
0x000000f9ee1ff3f0:   0000000000000040 00007ff8394bb89c 

Instructions: (pc=0x00007ff83909c805)
0x00007ff83909c7e5:   4d 8b d0 44 8b e2 49 8b e9 49 8b f8 8b 88 c0 02
0x00007ff83909c7f5:   00 00 48 8b 80 b0 02 00 00 49 d3 ea 4e 8b 14 d0
0x00007ff83909c805:   4d 3b 82 60 01 00 00 72 11 32 c0 48 8b 6c 24 58
0x00007ff83909c815:   48 83 c4 20 41 5f 41 5c 5f c3 49 8b 87 90 00 00 


Stack slot to memory mapping:
stack at sp + 0 slots: 0x000002800d6527b0 points into unknown readable memory: 88 ff 74 39 f8 7f 00 00
stack at sp + 1 slots: 0x00007ff83950b71f jvm.dll
stack at sp + 2 slots: 0x0000000082cbd0c8 is an oop: org.codehaus.groovy.util.ReferenceType$SoftRef 
{0x0000000082cbd0c8} - klass: 'org/codehaus/groovy/util/ReferenceType$SoftRef'
stack at sp + 3 slots: 0x0 is NULL
stack at sp + 4 slots: 0x0000000082cbce08 is an oop: org.codehaus.groovy.util.ReferenceType$SoftRef 
{0x0000000082cbce08} - klass: 'org/codehaus/groovy/util/ReferenceType$SoftRef'
stack at sp + 5 slots: 0x000002800d687280 points into unknown readable memory: 50 24 74 39 f8 7f 00 00
stack at sp + 6 slots: 0x0000000000000003 is an unknown value
stack at sp + 7 slots: 0x00007ff83909c6e2 jvm.dll


---------------  P R O C E S S  ---------------

Threads class SMR info:
_java_thread_list=0x0000028031d955a0, length=169, elements={
0x000002800d63b000, 0x000002802d0ee000, 0x000002802d0f7000, 0x000002802d162000,
0x000002802d164000, 0x000002802d166800, 0x000002802d169800, 0x000002802d16c800,
0x000002802d2f1800, 0x000002802d2fb000, 0x000002802ecd4000, 0x000002802e3cd800,
0x000002802e608800, 0x000002802ebbd000, 0x000002802ebbb800, 0x000002802ebba800,
0x00000280314e7800, 0x00000280318c6000, 0x0000028034ff2800, 0x00000280314e3800,
0x00000280314e2800, 0x00000280314e1800, 0x00000280314de800, 0x00000280314e4000,
0x00000280314e5000, 0x00000280314df800, 0x00000280314e6000, 0x00000280314e0000,
0x00000280314e6800, 0x00000280314e1000, 0x00000280314ea800, 0x00000280314e9000,
0x00000280314e8000, 0x00000280314eb800, 0x00000280314ea000, 0x00000280314ec800,
0x00000280314ed000, 0x0000028033132000, 0x0000028033137000, 0x0000028033133000,
0x0000028033134800, 0x0000028033135800, 0x0000028033131800, 0x000002803313c000,
0x000002803313b000, 0x0000028033139800, 0x0000028033138000, 0x000002803313d000,
0x0000028033138800, 0x000002803313e800, 0x000002803313f000, 0x0000028033140000,
0x000002803313d800, 0x000002803313a800, 0x000002803441a000, 0x000002803441c000,
0x000002803441b000, 0x0000028034419800, 0x0000028034418800, 0x0000028034416000,
0x000002803441c800, 0x0000028034417000, 0x0000028034420000, 0x000002803441e800,
0x000002803441f000, 0x0000028034421800, 0x0000028034420800, 0x0000028034423000,
0x000002803441d800, 0x0000028034422800, 0x0000028034424000, 0x0000028034425000,
0x0000028034ff0000, 0x0000028034ff3800, 0x0000028034ff4000, 0x0000028034fee800,
0x0000028034fef000, 0x0000028034ff8000, 0x0000028034ff7800, 0x0000028034ff6800,
0x0000028034ff9000, 0x0000028034ff5800, 0x0000028034ffa000, 0x0000028034ffa800,
0x0000028034ff5000, 0x0000028034ffc000, 0x0000028034ffb800, 0x0000028034ffd000,
0x00000280318c5000, 0x00000280318c4800, 0x00000280318c7000, 0x00000280318c2000,
0x00000280318c9800, 0x00000280318cc800, 0x00000280318cd800, 0x00000280318ca000,
0x00000280318cb000, 0x00000280318ce000, 0x00000280318cb800, 0x00000280318c8800,
0x00000280318cf000, 0x00000280318d0000, 0x000002802ebba000, 0x000002802ebbc000,
0x000002802ebb7800, 0x000002802ebbe000, 0x000002802ebb8000, 0x000002802ebb9000,
0x0000028037699000, 0x0000028037696800, 0x0000028037694800, 0x0000028037695800,
0x0000028037697000, 0x0000028037699800, 0x0000028037694000, 0x000002803769a800,
0x000002803769d800, 0x000002803769b000, 0x000002803769d000, 0x000002803769c000,
0x0000028037698000, 0x00000280376a2000, 0x00000280376a2800, 0x00000280376a0000,
0x000002803769e800, 0x00000280376a1000, 0x000002803769f800, 0x00000280313e6800,
0x00000280313e7000, 0x00000280313e8000, 0x00000280313e2800, 0x00000280313e4000,
0x00000280313e9000, 0x00000280313e5000, 0x00000280313e5800, 0x00000280313e3000,
0x00000280313ef800, 0x00000280313e9800, 0x00000280313f0000, 0x00000280313eb800,
0x00000280313ea800, 0x00000280313f1000, 0x00000280313ee000, 0x00000280313ec000,
0x00000280313ed000, 0x00000280342fa800, 0x00000280342fc000, 0x00000280342f7800,
0x00000280342fe000, 0x00000280342f8000, 0x00000280342fb800, 0x00000280342fd000,
0x00000280342fe800, 0x00000280342f9000, 0x00000280342ff800, 0x00000280342f9800,
0x0000028034305000, 0x0000028034300800, 0x0000028034306000, 0x0000028034301000,
0x0000028034302000, 0x0000028034302800, 0x0000028034303800, 0x0000028034304800,
0x000002803156f000, 0x0000028031570000, 0x000002803156e800, 0x0000028031573800,
0x0000028031576800
}

Java Threads: ( => current thread )
  0x000002800d63b000 JavaThread "main" [_thread_blocked, id=6636, stack(0x000000f9ede00000,0x000000f9edf00000)]
  0x000002802d0ee000 JavaThread "Reference Handler" daemon [_thread_blocked, id=21088, stack(0x000000f9ee500000,0x000000f9ee600000)]
  0x000002802d0f7000 JavaThread "Finalizer" daemon [_thread_blocked, id=30336, stack(0x000000f9ee600000,0x000000f9ee700000)]
  0x000002802d162000 JavaThread "Signal Dispatcher" daemon [_thread_blocked, id=7488, stack(0x000000f9ee700000,0x000000f9ee800000)]
  0x000002802d164000 JavaThread "Attach Listener" daemon [_thread_blocked, id=27244, stack(0x000000f9ee800000,0x000000f9ee900000)]
  0x000002802d166800 JavaThread "C2 CompilerThread0" daemon [_thread_in_native, id=30556, stack(0x000000f9ee900000,0x000000f9eea00000)]
  0x000002802d169800 JavaThread "C1 CompilerThread0" daemon [_thread_blocked, id=11348, stack(0x000000f9eea00000,0x000000f9eeb00000)]
  0x000002802d16c800 JavaThread "Sweeper thread" daemon [_thread_blocked, id=17676, stack(0x000000f9eeb00000,0x000000f9eec00000)]
  0x000002802d2f1800 JavaThread "Common-Cleaner" daemon [_thread_blocked, id=5620, stack(0x000000f9eec00000,0x000000f9eed00000)]
  0x000002802d2fb000 JavaThread "Service Thread" daemon [_thread_blocked, id=13928, stack(0x000000f9eed00000,0x000000f9eee00000)]
  0x000002802ecd4000 JavaThread "Daemon health stats" [_thread_blocked, id=14936, stack(0x000000f9ef500000,0x000000f9ef600000)]
  0x000002802e3cd800 JavaThread "Incoming local TCP Connector on port 61067" [_thread_in_native, id=20688, stack(0x000000f9ef700000,0x000000f9ef800000)]
  0x000002802e608800 JavaThread "Daemon periodic checks" [_thread_blocked, id=21400, stack(0x000000f9ef800000,0x000000f9ef900000)]
  0x000002802ebbd000 JavaThread "Cache worker for journal cache (C:\Users\15600\.gradle\caches\journal-1)" [_thread_blocked, id=4740, stack(0x000000f9f0000000,0x000000f9f0100000)]
  0x000002802ebbb800 JavaThread "File lock request listener" [_thread_in_native, id=3648, stack(0x000000f9f0100000,0x000000f9f0200000)]
  0x000002802ebba800 JavaThread "Cache worker for file hash cache (C:\Users\15600\.gradle\caches\6.5\fileHashes)" [_thread_blocked, id=17092, stack(0x000000f9f0200000,0x000000f9f0300000)]
  0x00000280314e7800 JavaThread "Cache worker for execution history cache (C:\Users\15600\.gradle\caches\6.5\executionHistory)" [_thread_blocked, id=25860, stack(0x000000f9f2100000,0x000000f9f2200000)]
  0x00000280318c6000 JavaThread "Cache worker for file content cache (C:\Users\15600\.gradle\caches\6.5\fileContent)" [_thread_blocked, id=9808, stack(0x000000f9f2200000,0x000000f9f2300000)]
  0x0000028034ff2800 JavaThread "Memory manager" [_thread_blocked, id=23572, stack(0x000000f9f7d00000,0x000000f9f7e00000)]
  0x00000280314e3800 JavaThread "Daemon Thread 5" [_thread_blocked, id=12100, stack(0x000000f9ef600000,0x000000f9ef700000)]
  0x00000280314e2800 JavaThread "Handler for socket connection from /127.0.0.1:61067 to /127.0.0.1:65511" [_thread_in_native, id=15516, stack(0x000000f9ef900000,0x000000f9efa00000)]
  0x00000280314e1800 JavaThread "Cancel handler" [_thread_blocked, id=29024, stack(0x000000f9efa00000,0x000000f9efb00000)]
  0x00000280314de800 JavaThread "Daemon worker Thread 5" [_thread_blocked, id=26992, stack(0x000000f9efb00000,0x000000f9efc00000)]
  0x00000280314e4000 JavaThread "Asynchronous log dispatcher for DefaultDaemonConnection: socket connection from /127.0.0.1:61067 to /127.0.0.1:65511" [_thread_blocked, id=29304, stack(0x000000f9efc00000,0x000000f9efd00000)]
  0x00000280314e5000 JavaThread "Stdin handler" [_thread_blocked, id=28960, stack(0x000000f9efd00000,0x000000f9efe00000)]
  0x00000280314df800 JavaThread "Thread-544" [_thread_blocked, id=25900, stack(0x000000f9efe00000,0x000000f9eff00000)]
  0x00000280314e6000 JavaThread "Cache worker for file hash cache (C:\Users\15600\Desktop\MyApplication\.gradle\6.5\fileHashes)" [_thread_blocked, id=10140, stack(0x000000f9eff00000,0x000000f9f0000000)]
  0x00000280314e0000 JavaThread "Cache worker for checksums cache (C:\Users\15600\Desktop\MyApplication\.gradle\checksums)" [_thread_blocked, id=26972, stack(0x000000f9f0900000,0x000000f9f0a00000)]
  0x00000280314e6800 JavaThread "Cache worker for cache directory md-supplier (C:\Users\15600\.gradle\caches\6.5\md-supplier)" [_thread_blocked, id=10500, stack(0x000000f9f0a00000,0x000000f9f0b00000)]
  0x00000280314e1000 JavaThread "Cache worker for cache directory md-rule (C:\Users\15600\.gradle\caches\6.5\md-rule)" [_thread_blocked, id=2332, stack(0x000000f9f0b00000,0x000000f9f0c00000)]
  0x00000280314ea800 JavaThread "Build operations" [_thread_blocked, id=30596, stack(0x000000f9f0c00000,0x000000f9f0d00000)]
  0x00000280314e9000 JavaThread "Build operations Thread 2" [_thread_blocked, id=20228, stack(0x000000f9f0d00000,0x000000f9f0e00000)]
  0x00000280314e8000 JavaThread "Build operations Thread 3" [_thread_blocked, id=30064, stack(0x000000f9f0e00000,0x000000f9f0f00000)]
  0x00000280314eb800 JavaThread "Build operations Thread 4" [_thread_blocked, id=17072, stack(0x000000f9f0f00000,0x000000f9f1000000)]
  0x00000280314ea000 JavaThread "Build operations Thread 5" [_thread_blocked, id=12132, stack(0x000000f9f1000000,0x000000f9f1100000)]
  0x00000280314ec800 JavaThread "Build operations Thread 6" [_thread_blocked, id=26424, stack(0x000000f9f1100000,0x000000f9f1200000)]
  0x00000280314ed000 JavaThread "Build operations Thread 7" [_thread_blocked, id=23828, stack(0x000000f9f1200000,0x000000f9f1300000)]
  0x0000028033132000 JavaThread "Build operations Thread 8" [_thread_blocked, id=25636, stack(0x000000f9f1300000,0x000000f9f1400000)]
  0x0000028033137000 JavaThread "Build operations Thread 9" [_thread_blocked, id=28200, stack(0x000000f9f1400000,0x000000f9f1500000)]
  0x0000028033133000 JavaThread "Build operations Thread 10" [_thread_blocked, id=25880, stack(0x000000f9f1500000,0x000000f9f1600000)]
  0x0000028033134800 JavaThread "Build operations Thread 11" [_thread_blocked, id=7104, stack(0x000000f9f1600000,0x000000f9f1700000)]
  0x0000028033135800 JavaThread "Build operations Thread 12" [_thread_blocked, id=19208, stack(0x000000f9f1700000,0x000000f9f1800000)]
  0x0000028033131800 JavaThread "jar transforms Thread 369" [_thread_blocked, id=27324, stack(0x000000f9f1900000,0x000000f9f1a00000)]
  0x000002803313c000 JavaThread "jar transforms Thread 370" [_thread_blocked, id=22992, stack(0x000000f9f1a00000,0x000000f9f1b00000)]
  0x000002803313b000 JavaThread "jar transforms Thread 371" [_thread_blocked, id=8900, stack(0x000000f9f1b00000,0x000000f9f1c00000)]
  0x0000028033139800 JavaThread "jar transforms Thread 372" [_thread_blocked, id=13368, stack(0x000000f9f1c00000,0x000000f9f1d00000)]
  0x0000028033138000 JavaThread "jar transforms Thread 373" [_thread_blocked, id=7532, stack(0x000000f9f1d00000,0x000000f9f1e00000)]
  0x000002803313d000 JavaThread "jar transforms Thread 374" [_thread_blocked, id=10136, stack(0x000000f9f1e00000,0x000000f9f1f00000)]
  0x0000028033138800 JavaThread "jar transforms Thread 375" [_thread_blocked, id=27080, stack(0x000000f9f1f00000,0x000000f9f2000000)]
  0x000002803313e800 JavaThread "jar transforms Thread 376" [_thread_blocked, id=26636, stack(0x000000f9f2000000,0x000000f9f2100000)]
  0x000002803313f000 JavaThread "jar transforms Thread 377" [_thread_blocked, id=3020, stack(0x000000f9f2300000,0x000000f9f2400000)]
  0x0000028033140000 JavaThread "jar transforms Thread 378" [_thread_blocked, id=29432, stack(0x000000f9f2400000,0x000000f9f2500000)]
  0x000002803313d800 JavaThread "jar transforms Thread 379" [_thread_blocked, id=26956, stack(0x000000f9f2600000,0x000000f9f2700000)]
  0x000002803313a800 JavaThread "jar transforms Thread 380" [_thread_blocked, id=10124, stack(0x000000f9f2700000,0x000000f9f2800000)]
  0x000002803441a000 JavaThread "jar transforms Thread 381" [_thread_blocked, id=28560, stack(0x000000f9f2800000,0x000000f9f2900000)]
  0x000002803441c000 JavaThread "jar transforms Thread 382" [_thread_blocked, id=25408, stack(0x000000f9f2900000,0x000000f9f2a00000)]
  0x000002803441b000 JavaThread "jar transforms Thread 383" [_thread_blocked, id=25040, stack(0x000000f9f2a00000,0x000000f9f2b00000)]
  0x0000028034419800 JavaThread "jar transforms Thread 384" [_thread_blocked, id=6544, stack(0x000000f9f2b00000,0x000000f9f2c00000)]
  0x0000028034418800 JavaThread "jar transforms Thread 385" [_thread_blocked, id=29900, stack(0x000000f9f2c00000,0x000000f9f2d00000)]
  0x0000028034416000 JavaThread "jar transforms Thread 386" [_thread_blocked, id=16772, stack(0x000000f9f2d00000,0x000000f9f2e00000)]
  0x000002803441c800 JavaThread "jar transforms Thread 387" [_thread_blocked, id=25768, stack(0x000000f9f2e00000,0x000000f9f2f00000)]
  0x0000028034417000 JavaThread "jar transforms Thread 388" [_thread_blocked, id=23964, stack(0x000000f9f2f00000,0x000000f9f3000000)]
  0x0000028034420000 JavaThread "jar transforms Thread 389" [_thread_blocked, id=14632, stack(0x000000f9f3000000,0x000000f9f3100000)]
  0x000002803441e800 JavaThread "jar transforms Thread 390" [_thread_blocked, id=5624, stack(0x000000f9f3100000,0x000000f9f3200000)]
  0x000002803441f000 JavaThread "jar transforms Thread 391" [_thread_blocked, id=13452, stack(0x000000f9f3200000,0x000000f9f3300000)]
  0x0000028034421800 JavaThread "jar transforms Thread 392" [_thread_blocked, id=4288, stack(0x000000f9f3300000,0x000000f9f3400000)]
  0x0000028034420800 JavaThread "jar transforms Thread 393" [_thread_blocked, id=24468, stack(0x000000f9f3400000,0x000000f9f3500000)]
  0x0000028034423000 JavaThread "jar transforms Thread 394" [_thread_blocked, id=25132, stack(0x000000f9f3500000,0x000000f9f3600000)]
  0x000002803441d800 JavaThread "jar transforms Thread 395" [_thread_blocked, id=12588, stack(0x000000f9f3600000,0x000000f9f3700000)]
  0x0000028034422800 JavaThread "jar transforms Thread 396" [_thread_blocked, id=19460, stack(0x000000f9f3700000,0x000000f9f3800000)]
  0x0000028034424000 JavaThread "jar transforms Thread 397" [_thread_blocked, id=27748, stack(0x000000f9f3800000,0x000000f9f3900000)]
  0x0000028034425000 JavaThread "jar transforms Thread 398" [_thread_blocked, id=4336, stack(0x000000f9f3900000,0x000000f9f3a00000)]
  0x0000028034ff0000 JavaThread "jar transforms Thread 399" [_thread_blocked, id=2480, stack(0x000000f9f3a00000,0x000000f9f3b00000)]
  0x0000028034ff3800 JavaThread "jar transforms Thread 400" [_thread_blocked, id=27612, stack(0x000000f9f3b00000,0x000000f9f3c00000)]
  0x0000028034ff4000 JavaThread "jar transforms Thread 401" [_thread_blocked, id=16576, stack(0x000000f9f3c00000,0x000000f9f3d00000)]
  0x0000028034fee800 JavaThread "jar transforms Thread 402" [_thread_blocked, id=27204, stack(0x000000f9f3d00000,0x000000f9f3e00000)]
  0x0000028034fef000 JavaThread "jar transforms Thread 403" [_thread_blocked, id=30668, stack(0x000000f9f3e00000,0x000000f9f3f00000)]
  0x0000028034ff8000 JavaThread "jar transforms Thread 404" [_thread_blocked, id=20568, stack(0x000000f9f3f00000,0x000000f9f4000000)]
  0x0000028034ff7800 JavaThread "jar transforms Thread 405" [_thread_blocked, id=28720, stack(0x000000f9f4000000,0x000000f9f4100000)]
  0x0000028034ff6800 JavaThread "jar transforms Thread 406" [_thread_blocked, id=11932, stack(0x000000f9f4100000,0x000000f9f4200000)]
  0x0000028034ff9000 JavaThread "jar transforms Thread 407" [_thread_blocked, id=3096, stack(0x000000f9f4200000,0x000000f9f4300000)]
  0x0000028034ff5800 JavaThread "jar transforms Thread 408" [_thread_blocked, id=5036, stack(0x000000f9f4300000,0x000000f9f4400000)]
  0x0000028034ffa000 JavaThread "jar transforms Thread 409" [_thread_blocked, id=9624, stack(0x000000f9f4400000,0x000000f9f4500000)]
  0x0000028034ffa800 JavaThread "jar transforms Thread 410" [_thread_blocked, id=7828, stack(0x000000f9f4500000,0x000000f9f4600000)]
  0x0000028034ff5000 JavaThread "jar transforms Thread 411" [_thread_blocked, id=15048, stack(0x000000f9f4600000,0x000000f9f4700000)]
  0x0000028034ffc000 JavaThread "jar transforms Thread 412" [_thread_blocked, id=25508, stack(0x000000f9f4700000,0x000000f9f4800000)]
  0x0000028034ffb800 JavaThread "jar transforms Thread 413" [_thread_blocked, id=16268, stack(0x000000f9f4800000,0x000000f9f4900000)]
  0x0000028034ffd000 JavaThread "jar transforms Thread 414" [_thread_blocked, id=14540, stack(0x000000f9f4900000,0x000000f9f4a00000)]
  0x00000280318c5000 JavaThread "jar transforms Thread 415" [_thread_blocked, id=768, stack(0x000000f9f4a00000,0x000000f9f4b00000)]
  0x00000280318c4800 JavaThread "jar transforms Thread 416" [_thread_blocked, id=19988, stack(0x000000f9f4b00000,0x000000f9f4c00000)]
  0x00000280318c7000 JavaThread "jar transforms Thread 417" [_thread_blocked, id=29820, stack(0x000000f9f4c00000,0x000000f9f4d00000)]
  0x00000280318c2000 JavaThread "jar transforms Thread 418" [_thread_blocked, id=30304, stack(0x000000f9f4d00000,0x000000f9f4e00000)]
  0x00000280318c9800 JavaThread "jar transforms Thread 419" [_thread_blocked, id=11144, stack(0x000000f9f4e00000,0x000000f9f4f00000)]
  0x00000280318cc800 JavaThread "jar transforms Thread 420" [_thread_blocked, id=28464, stack(0x000000f9f4f00000,0x000000f9f5000000)]
  0x00000280318cd800 JavaThread "jar transforms Thread 421" [_thread_blocked, id=29416, stack(0x000000f9f5000000,0x000000f9f5100000)]
  0x00000280318ca000 JavaThread "jar transforms Thread 422" [_thread_blocked, id=16872, stack(0x000000f9f5100000,0x000000f9f5200000)]
  0x00000280318cb000 JavaThread "jar transforms Thread 423" [_thread_blocked, id=8144, stack(0x000000f9f5200000,0x000000f9f5300000)]
  0x00000280318ce000 JavaThread "jar transforms Thread 424" [_thread_blocked, id=16792, stack(0x000000f9f5300000,0x000000f9f5400000)]
  0x00000280318cb800 JavaThread "jar transforms Thread 425" [_thread_blocked, id=18944, stack(0x000000f9f5400000,0x000000f9f5500000)]
  0x00000280318c8800 JavaThread "jar transforms Thread 426" [_thread_blocked, id=15756, stack(0x000000f9f5500000,0x000000f9f5600000)]
  0x00000280318cf000 JavaThread "jar transforms Thread 427" [_thread_blocked, id=29580, stack(0x000000f9f5600000,0x000000f9f5700000)]
  0x00000280318d0000 JavaThread "jar transforms Thread 428" [_thread_blocked, id=27192, stack(0x000000f9f5700000,0x000000f9f5800000)]
  0x000002802ebba000 JavaThread "jar transforms Thread 429" [_thread_blocked, id=6752, stack(0x000000f9f5800000,0x000000f9f5900000)]
  0x000002802ebbc000 JavaThread "jar transforms Thread 430" [_thread_blocked, id=11592, stack(0x000000f9f5900000,0x000000f9f5a00000)]
  0x000002802ebb7800 JavaThread "jar transforms Thread 431" [_thread_blocked, id=24748, stack(0x000000f9f5a00000,0x000000f9f5b00000)]
  0x000002802ebbe000 JavaThread "jar transforms Thread 432" [_thread_blocked, id=6400, stack(0x000000f9f5b00000,0x000000f9f5c00000)]
  0x000002802ebb8000 JavaThread "jar transforms Thread 433" [_thread_blocked, id=11860, stack(0x000000f9f5c00000,0x000000f9f5d00000)]
  0x000002802ebb9000 JavaThread "jar transforms Thread 434" [_thread_blocked, id=14304, stack(0x000000f9f5d00000,0x000000f9f5e00000)]
  0x0000028037699000 JavaThread "jar transforms Thread 435" [_thread_blocked, id=28796, stack(0x000000f9f5e00000,0x000000f9f5f00000)]
  0x0000028037696800 JavaThread "jar transforms Thread 436" [_thread_blocked, id=13048, stack(0x000000f9f5f00000,0x000000f9f6000000)]
  0x0000028037694800 JavaThread "jar transforms Thread 437" [_thread_blocked, id=30564, stack(0x000000f9f6000000,0x000000f9f6100000)]
  0x0000028037695800 JavaThread "jar transforms Thread 438" [_thread_blocked, id=28812, stack(0x000000f9f6100000,0x000000f9f6200000)]
  0x0000028037697000 JavaThread "jar transforms Thread 439" [_thread_blocked, id=16748, stack(0x000000f9f6200000,0x000000f9f6300000)]
  0x0000028037699800 JavaThread "jar transforms Thread 440" [_thread_blocked, id=11756, stack(0x000000f9f6300000,0x000000f9f6400000)]
  0x0000028037694000 JavaThread "jar transforms Thread 441" [_thread_blocked, id=27560, stack(0x000000f9f6400000,0x000000f9f6500000)]
  0x000002803769a800 JavaThread "jar transforms Thread 442" [_thread_blocked, id=27348, stack(0x000000f9f6500000,0x000000f9f6600000)]
  0x000002803769d800 JavaThread "jar transforms Thread 443" [_thread_blocked, id=8696, stack(0x000000f9f6600000,0x000000f9f6700000)]
  0x000002803769b000 JavaThread "jar transforms Thread 444" [_thread_blocked, id=11380, stack(0x000000f9f6700000,0x000000f9f6800000)]
  0x000002803769d000 JavaThread "jar transforms Thread 445" [_thread_blocked, id=26224, stack(0x000000f9f6800000,0x000000f9f6900000)]
  0x000002803769c000 JavaThread "jar transforms Thread 446" [_thread_blocked, id=18232, stack(0x000000f9f6900000,0x000000f9f6a00000)]
  0x0000028037698000 JavaThread "jar transforms Thread 447" [_thread_blocked, id=18904, stack(0x000000f9f6a00000,0x000000f9f6b00000)]
  0x00000280376a2000 JavaThread "jar transforms Thread 448" [_thread_blocked, id=9980, stack(0x000000f9f6b00000,0x000000f9f6c00000)]
  0x00000280376a2800 JavaThread "jar transforms Thread 449" [_thread_blocked, id=9940, stack(0x000000f9f6c00000,0x000000f9f6d00000)]
  0x00000280376a0000 JavaThread "jar transforms Thread 450" [_thread_blocked, id=15968, stack(0x000000f9f6d00000,0x000000f9f6e00000)]
  0x000002803769e800 JavaThread "jar transforms Thread 451" [_thread_blocked, id=29680, stack(0x000000f9f6e00000,0x000000f9f6f00000)]
  0x00000280376a1000 JavaThread "jar transforms Thread 452" [_thread_blocked, id=27332, stack(0x000000f9f6f00000,0x000000f9f7000000)]
  0x000002803769f800 JavaThread "jar transforms Thread 453" [_thread_blocked, id=25392, stack(0x000000f9f7000000,0x000000f9f7100000)]
  0x00000280313e6800 JavaThread "jar transforms Thread 454" [_thread_blocked, id=28896, stack(0x000000f9f7100000,0x000000f9f7200000)]
  0x00000280313e7000 JavaThread "jar transforms Thread 455" [_thread_blocked, id=17004, stack(0x000000f9f7200000,0x000000f9f7300000)]
  0x00000280313e8000 JavaThread "jar transforms Thread 456" [_thread_blocked, id=30424, stack(0x000000f9f7300000,0x000000f9f7400000)]
  0x00000280313e2800 JavaThread "jar transforms Thread 457" [_thread_blocked, id=28688, stack(0x000000f9f7400000,0x000000f9f7500000)]
  0x00000280313e4000 JavaThread "jar transforms Thread 458" [_thread_blocked, id=22704, stack(0x000000f9f7500000,0x000000f9f7600000)]
  0x00000280313e9000 JavaThread "jar transforms Thread 459" [_thread_blocked, id=25904, stack(0x000000f9f7600000,0x000000f9f7700000)]
  0x00000280313e5000 JavaThread "jar transforms Thread 460" [_thread_blocked, id=24996, stack(0x000000f9f7700000,0x000000f9f7800000)]
  0x00000280313e5800 JavaThread "Cache worker for Build Output Cleanup Cache (C:\Users\15600\Desktop\MyApplication\.gradle\buildOutputCleanup)" [_thread_blocked, id=29012, stack(0x000000f9f7800000,0x000000f9f7900000)]
  0x00000280313e3000 JavaThread "pool-13-thread-1" [_thread_blocked, id=17060, stack(0x000000f9f7900000,0x000000f9f7a00000)]
  0x00000280313ef800 JavaThread "Cache worker for file content cache (C:\Users\15600\Desktop\MyApplication\.gradle\6.5\fileContent)" [_thread_blocked, id=13012, stack(0x000000f9f7b00000,0x000000f9f7c00000)]
  0x00000280313e9800 JavaThread "Execution worker for ':'" [_thread_blocked, id=4228, stack(0x000000f9f7e00000,0x000000f9f7f00000)]
  0x00000280313f0000 JavaThread "Execution worker for ':' Thread 2" [_thread_blocked, id=28884, stack(0x000000f9f7f00000,0x000000f9f8000000)]
  0x00000280313eb800 JavaThread "Execution worker for ':' Thread 3" [_thread_blocked, id=26140, stack(0x000000f9f8000000,0x000000f9f8100000)]
  0x00000280313ea800 JavaThread "Execution worker for ':' Thread 4" [_thread_in_Java, id=26532, stack(0x000000f9f8100000,0x000000f9f8200000)]
  0x00000280313f1000 JavaThread "Execution worker for ':' Thread 5" [_thread_blocked, id=28280, stack(0x000000f9f8200000,0x000000f9f8300000)]
  0x00000280313ee000 JavaThread "Execution worker for ':' Thread 6" [_thread_blocked, id=18332, stack(0x000000f9f8300000,0x000000f9f8400000)]
  0x00000280313ec000 JavaThread "Execution worker for ':' Thread 7" [_thread_blocked, id=2784, stack(0x000000f9f8400000,0x000000f9f8500000)]
  0x00000280313ed000 JavaThread "Execution worker for ':' Thread 8" [_thread_blocked, id=9744, stack(0x000000f9f8500000,0x000000f9f8600000)]
  0x00000280342fa800 JavaThread "Execution worker for ':' Thread 9" [_thread_blocked, id=25856, stack(0x000000f9f8600000,0x000000f9f8700000)]
  0x00000280342fc000 JavaThread "Execution worker for ':' Thread 10" [_thread_blocked, id=24036, stack(0x000000f9f8700000,0x000000f9f8800000)]
  0x00000280342f7800 JavaThread "Execution worker for ':' Thread 11" [_thread_blocked, id=28020, stack(0x000000f9f8800000,0x000000f9f8900000)]
  0x00000280342fe000 JavaThread "Cache worker for execution history cache (C:\Users\15600\Desktop\MyApplication\.gradle\6.5\executionHistory)" [_thread_blocked, id=4752, stack(0x000000f9f8900000,0x000000f9f8a00000)]
  0x00000280342f8000 JavaThread "ForkJoinPool.commonPool-worker-19" daemon [_thread_blocked, id=1232, stack(0x000000f9f8a00000,0x000000f9f8b00000)]
  0x00000280342fb800 JavaThread "ForkJoinPool.commonPool-worker-5" daemon [_thread_blocked, id=11240, stack(0x000000f9f8b00000,0x000000f9f8c00000)]
  0x00000280342fd000 JavaThread "ForkJoinPool.commonPool-worker-23" daemon [_thread_blocked, id=23072, stack(0x000000f9f8c00000,0x000000f9f8d00000)]
  0x00000280342fe800 JavaThread "Exec process" daemon [_thread_blocked, id=18812, stack(0x000000f9f8d00000,0x000000f9f8e00000)]
  0x00000280342f9000 JavaThread "Exec process Thread 2" daemon [_thread_blocked, id=25328, stack(0x000000f9f8e00000,0x000000f9f8f00000)]
  0x00000280342ff800 JavaThread "Exec process Thread 3" daemon [_thread_blocked, id=25656, stack(0x000000f9f8f00000,0x000000f9f9000000)]
  0x00000280342f9800 JavaThread "WorkerExecutor Queue" [_thread_blocked, id=28788, stack(0x000000f9f9000000,0x000000f9f9100000)]
  0x0000028034305000 JavaThread "WorkerExecutor Queue Thread 2" [_thread_blocked, id=12388, stack(0x000000f9f9100000,0x000000f9f9200000)]
  0x0000028034300800 JavaThread "WorkerExecutor Queue Thread 3" [_thread_blocked, id=29552, stack(0x000000f9f9200000,0x000000f9f9300000)]
  0x0000028034306000 JavaThread "WorkerExecutor Queue Thread 4" [_thread_blocked, id=10596, stack(0x000000f9f9300000,0x000000f9f9400000)]
  0x0000028034301000 JavaThread "WorkerExecutor Queue Thread 5" [_thread_blocked, id=27812, stack(0x000000f9f9400000,0x000000f9f9500000)]
  0x0000028034302000 JavaThread "WorkerExecutor Queue Thread 6" [_thread_blocked, id=15352, stack(0x000000f9f9500000,0x000000f9f9600000)]
  0x0000028034302800 JavaThread "WorkerExecutor Queue Thread 7" [_thread_blocked, id=13296, stack(0x000000f9f9600000,0x000000f9f9700000)]
  0x0000028034303800 JavaThread "WorkerExecutor Queue Thread 8" [_thread_blocked, id=29660, stack(0x000000f9f9700000,0x000000f9f9800000)]
  0x0000028034304800 JavaThread "WorkerExecutor Queue Thread 9" [_thread_blocked, id=11136, stack(0x000000f9f9800000,0x000000f9f9900000)]
  0x000002803156f000 JavaThread "WorkerExecutor Queue Thread 10" [_thread_blocked, id=27320, stack(0x000000f9f9900000,0x000000f9f9a00000)]
  0x0000028031570000 JavaThread "Java2D Disposer" daemon [_thread_blocked, id=12720, stack(0x000000f9f9b00000,0x000000f9f9c00000)]
  0x000002803156e800 JavaThread "C2 CompilerThread1" daemon [_thread_in_native, id=4108, stack(0x000000f9f1800000,0x000000f9f1900000)]
  0x0000028031573800 JavaThread "C2 CompilerThread2" daemon [_thread_in_native, id=28876, stack(0x000000f9f7a00000,0x000000f9f7b00000)]
  0x0000028031576800 JavaThread "WorkerExecutor Queue Thread 11" [_thread_blocked, id=12508, stack(0x000000f9f9c00000,0x000000f9f9d00000)]

Other Threads:
  0x000002802d0ec800 VMThread "VM Thread" [stack: 0x000000f9ee400000,0x000000f9ee500000] [id=26652]
  0x000002802d2fb800 WatcherThread [stack: 0x000000f9eee00000,0x000000f9eef00000] [id=22816]
  0x000002800d650000 GCTaskThread "GC Thread#0" [stack: 0x000000f9edf00000,0x000000f9ee000000] [id=12248]
  0x000002802de5d000 GCTaskThread "GC Thread#1" [stack: 0x000000f9ef000000,0x000000f9ef100000] [id=13308]
  0x000002802e020800 GCTaskThread "GC Thread#2" [stack: 0x000000f9ef100000,0x000000f9ef200000] [id=13384]
  0x000002802dd03000 GCTaskThread "GC Thread#3" [stack: 0x000000f9ef200000,0x000000f9ef300000] [id=23460]
  0x000002802dd1e000 GCTaskThread "GC Thread#4" [stack: 0x000000f9ef300000,0x000000f9ef400000] [id=13108]
  0x000002802dced000 GCTaskThread "GC Thread#5" [stack: 0x000000f9ef400000,0x000000f9ef500000] [id=19564]
  0x000002802ebdf800 GCTaskThread "GC Thread#6" [stack: 0x000000f9f0300000,0x000000f9f0400000] [id=3028]
  0x000002802f2af800 GCTaskThread "GC Thread#7" [stack: 0x000000f9f0400000,0x000000f9f0500000] [id=24212]
  0x000002802f3e1800 GCTaskThread "GC Thread#8" [stack: 0x000000f9f0500000,0x000000f9f0600000] [id=22020]
  0x000002802f3e6800 GCTaskThread "GC Thread#9" [stack: 0x000000f9f0600000,0x000000f9f0700000] [id=13916]
  0x000002800d67e800 ConcurrentGCThread "G1 Main Marker" [stack: 0x000000f9ee000000,0x000000f9ee100000] [id=18248]
=>0x000002800d680800 ConcurrentGCThread "G1 Conc#0" [stack: 0x000000f9ee100000,0x000000f9ee200000] [id=28600]
  0x000002802f3ef800 ConcurrentGCThread "G1 Conc#1" [stack: 0x000000f9f0700000,0x000000f9f0800000] [id=26400]
  0x000002802f0f7000 ConcurrentGCThread "G1 Conc#2" [stack: 0x000000f9f0800000,0x000000f9f0900000] [id=21248]
  0x000002800d71e800 ConcurrentGCThread "G1 Refine#0" [stack: 0x000000f9ee200000,0x000000f9ee300000] [id=17124]
  0x0000028031a1d800 ConcurrentGCThread "G1 Refine#1" [stack: 0x000000f9f2500000,0x000000f9f2600000] [id=26192]
  0x0000028034c9c800 ConcurrentGCThread "G1 Refine#2" [stack: 0x000000f9f7c00000,0x000000f9f7d00000] [id=28176]
  0x0000028032736000 ConcurrentGCThread "G1 Refine#3" [stack: 0x000000f9edb00000,0x000000f9edc00000] [id=28628]
  0x0000028032734800 ConcurrentGCThread "G1 Refine#4" [stack: 0x000000f9edc00000,0x000000f9edd00000] [id=7868]
  0x0000028032739000 ConcurrentGCThread "G1 Refine#5" [stack: 0x000000f9edd00000,0x000000f9ede00000] [id=27336]
  0x000002802c73e800 ConcurrentGCThread "G1 Young RemSet Sampling" [stack: 0x000000f9ee300000,0x000000f9ee400000] [id=8672]

Threads with active compile tasks:
C2 CompilerThread02870424 17577       4       com.sun.org.apache.xerces.internal.dom.ElementImpl::getAttributes (36 bytes)
C2 CompilerThread12870424 17422 %     4       com.sun.imageio.plugins.png.PNGImageWriter::encodePass @ 780 (1063 bytes)
C2 CompilerThread22870424 17559       4       com.sun.org.apache.xerces.internal.dom.NodeImpl::getUserData (10 bytes)

VM state:not at safepoint (normal execution)

VM Mutex/Monitor currently owned by a thread: None

Heap address: 0x0000000080000000, size: 2048 MB, Compressed Oops mode: 32-bit
Narrow klass base: 0x0000000000000000, Narrow klass shift: 3
Compressed class space size: 1073741824 Address: 0x0000000100000000

Heap:
 garbage-first heap   total 260096K, used 158804K [0x0000000080000000, 0x0000000100000000)
  region size 1024K, 28 young (28672K), 12 survivors (12288K)
 Metaspace       used 112478K, capacity 116643K, committed 116744K, reserved 1150976K
  class space    used 13996K, capacity 15418K, committed 15488K, reserved 1048576K
Heap Regions: E=young(eden), S=young(survivor), O=old, HS=humongous(starts), HC=humongous(continues), CS=collection set, F=free, A=archive, TAMS=top-at-mark-start (previous, next)
|   0|0x0000000080000000, 0x0000000080100000, 0x0000000080100000|100%| O|  |TAMS 0x0000000080100000, 0x0000000080100000| Untracked 
|   1|0x0000000080100000, 0x0000000080200000, 0x0000000080200000|100%| O|  |TAMS 0x0000000080200000, 0x0000000080200000| Untracked 
|   2|0x0000000080200000, 0x0000000080300000, 0x0000000080300000|100%| O|  |TAMS 0x0000000080300000, 0x0000000080300000| Untracked 
|   3|0x0000000080300000, 0x0000000080400000, 0x0000000080400000|100%|HS|  |TAMS 0x0000000080400000, 0x0000000080400000| Complete 
|   4|0x0000000080400000, 0x0000000080500000, 0x0000000080500000|100%|HC|  |TAMS 0x0000000080500000, 0x0000000080500000| Complete 
|   5|0x0000000080500000, 0x0000000080600000, 0x0000000080600000|100%|HC|  |TAMS 0x0000000080600000, 0x0000000080600000| Complete 
|   6|0x0000000080600000, 0x0000000080700000, 0x0000000080700000|100%| O|  |TAMS 0x0000000080700000, 0x0000000080700000| Untracked 
|   7|0x0000000080700000, 0x0000000080800000, 0x0000000080800000|100%| O|  |TAMS 0x0000000080800000, 0x0000000080800000| Untracked 
|   8|0x0000000080800000, 0x0000000080900000, 0x0000000080900000|100%| O|  |TAMS 0x0000000080900000, 0x0000000080900000| Untracked 
|   9|0x0000000080900000, 0x0000000080a00000, 0x0000000080a00000|100%| O|  |TAMS 0x0000000080a00000, 0x0000000080a00000| Untracked 
|  10|0x0000000080a00000, 0x0000000080b00000, 0x0000000080b00000|100%| O|  |TAMS 0x0000000080b00000, 0x0000000080b00000| Untracked 
|  11|0x0000000080b00000, 0x0000000080c00000, 0x0000000080c00000|100%| O|  |TAMS 0x0000000080c00000, 0x0000000080c00000| Untracked 
|  12|0x0000000080c00000, 0x0000000080d00000, 0x0000000080d00000|100%| O|  |TAMS 0x0000000080d00000, 0x0000000080d00000| Untracked 
|  13|0x0000000080d00000, 0x0000000080e00000, 0x0000000080e00000|100%| O|  |TAMS 0x0000000080e00000, 0x0000000080e00000| Untracked 
|  14|0x0000000080e00000, 0x0000000080f00000, 0x0000000080f00000|100%| O|  |TAMS 0x0000000080f00000, 0x0000000080f00000| Untracked 
|  15|0x0000000080f00000, 0x0000000081000000, 0x0000000081000000|100%| O|  |TAMS 0x0000000081000000, 0x0000000081000000| Untracked 
|  16|0x0000000081000000, 0x0000000081100000, 0x0000000081100000|100%|HS|  |TAMS 0x0000000081100000, 0x0000000081100000| Complete 
|  17|0x0000000081100000, 0x0000000081200000, 0x0000000081200000|100%|HC|  |TAMS 0x0000000081200000, 0x0000000081200000| Complete 
|  18|0x0000000081200000, 0x0000000081300000, 0x0000000081300000|100%|HS|  |TAMS 0x0000000081300000, 0x0000000081300000| Complete 
|  19|0x0000000081300000, 0x0000000081400000, 0x0000000081400000|100%|HC|  |TAMS 0x0000000081400000, 0x0000000081400000| Complete 
|  20|0x0000000081400000, 0x0000000081500000, 0x0000000081500000|100%|HC|  |TAMS 0x0000000081500000, 0x0000000081500000| Complete 
|  21|0x0000000081500000, 0x0000000081600000, 0x0000000081600000|100%|HS|  |TAMS 0x0000000081600000, 0x0000000081600000| Complete 
|  22|0x0000000081600000, 0x0000000081700000, 0x0000000081700000|100%|HC|  |TAMS 0x0000000081700000, 0x0000000081700000| Complete 
|  23|0x0000000081700000, 0x0000000081800000, 0x0000000081800000|100%|HC|  |TAMS 0x0000000081800000, 0x0000000081800000| Complete 
|  24|0x0000000081800000, 0x0000000081900000, 0x0000000081900000|100%|HC|  |TAMS 0x0000000081900000, 0x0000000081900000| Complete 
|  25|0x0000000081900000, 0x0000000081a00000, 0x0000000081a00000|100%|HS|  |TAMS 0x0000000081a00000, 0x0000000081a00000| Complete 
|  26|0x0000000081a00000, 0x0000000081b00000, 0x0000000081b00000|100%|HS|  |TAMS 0x0000000081b00000, 0x0000000081b00000| Complete 
|  27|0x0000000081b00000, 0x0000000081c00000, 0x0000000081c00000|100%|HC|  |TAMS 0x0000000081c00000, 0x0000000081c00000| Complete 
|  28|0x0000000081c00000, 0x0000000081d00000, 0x0000000081d00000|100%|HS|  |TAMS 0x0000000081d00000, 0x0000000081d00000| Complete 
|  29|0x0000000081d00000, 0x0000000081e00000, 0x0000000081e00000|100%|HC|  |TAMS 0x0000000081e00000, 0x0000000081e00000| Complete 
|  30|0x0000000081e00000, 0x0000000081f00000, 0x0000000081f00000|100%|HC|  |TAMS 0x0000000081f00000, 0x0000000081f00000| Complete 
|  31|0x0000000081f00000, 0x0000000082000000, 0x0000000082000000|100%|HC|  |TAMS 0x0000000082000000, 0x0000000082000000| Complete 
|  32|0x0000000082000000, 0x0000000082100000, 0x0000000082100000|100%| O|  |TAMS 0x0000000082100000, 0x0000000082100000| Untracked 
|  33|0x0000000082100000, 0x0000000082200000, 0x0000000082200000|100%| O|  |TAMS 0x0000000082200000, 0x0000000082200000| Untracked 
|  34|0x0000000082200000, 0x0000000082300000, 0x0000000082300000|100%| O|  |TAMS 0x0000000082300000, 0x0000000082300000| Untracked 
|  35|0x0000000082300000, 0x0000000082400000, 0x0000000082400000|100%| O|  |TAMS 0x0000000082400000, 0x0000000082400000| Untracked 
|  36|0x0000000082400000, 0x0000000082500000, 0x0000000082500000|100%| O|  |TAMS 0x0000000082500000, 0x0000000082500000| Untracked 
|  37|0x0000000082500000, 0x0000000082600000, 0x0000000082600000|100%| O|  |TAMS 0x0000000082600000, 0x0000000082600000| Untracked 
|  38|0x0000000082600000, 0x0000000082700000, 0x0000000082700000|100%| O|  |TAMS 0x0000000082700000, 0x0000000082700000| Untracked 
|  39|0x0000000082700000, 0x0000000082800000, 0x0000000082800000|100%| O|  |TAMS 0x0000000082800000, 0x0000000082800000| Untracked 
|  40|0x0000000082800000, 0x0000000082900000, 0x0000000082900000|100%| O|  |TAMS 0x0000000082900000, 0x0000000082900000| Untracked 
|  41|0x0000000082900000, 0x0000000082a00000, 0x0000000082a00000|100%| O|  |TAMS 0x0000000082a00000, 0x0000000082a00000| Untracked 
|  42|0x0000000082a00000, 0x0000000082b00000, 0x0000000082b00000|100%| O|  |TAMS 0x0000000082b00000, 0x0000000082b00000| Untracked 
|  43|0x0000000082b00000, 0x0000000082c00000, 0x0000000082c00000|100%| O|  |TAMS 0x0000000082c00000, 0x0000000082c00000| Untracked 
|  44|0x0000000082c00000, 0x0000000082d00000, 0x0000000082d00000|100%| O|  |TAMS 0x0000000082d00000, 0x0000000082d00000| Untracked 
|  45|0x0000000082d00000, 0x0000000082e00000, 0x0000000082e00000|100%| O|  |TAMS 0x0000000082e00000, 0x0000000082e00000| Untracked 
|  46|0x0000000082e00000, 0x0000000082f00000, 0x0000000082f00000|100%| O|  |TAMS 0x0000000082f00000, 0x0000000082f00000| Untracked 
|  47|0x0000000082f00000, 0x0000000083000000, 0x0000000083000000|100%| O|  |TAMS 0x0000000083000000, 0x0000000083000000| Untracked 
|  48|0x0000000083000000, 0x0000000083100000, 0x0000000083100000|100%| O|  |TAMS 0x0000000083100000, 0x0000000083100000| Untracked 
|  49|0x0000000083100000, 0x0000000083200000, 0x0000000083200000|100%| O|  |TAMS 0x0000000083200000, 0x0000000083200000| Untracked 
|  50|0x0000000083200000, 0x0000000083300000, 0x0000000083300000|100%| O|  |TAMS 0x0000000083300000, 0x0000000083300000| Untracked 
|  51|0x0000000083300000, 0x0000000083400000, 0x0000000083400000|100%| O|  |TAMS 0x0000000083400000, 0x0000000083400000| Untracked 
|  52|0x0000000083400000, 0x0000000083500000, 0x0000000083500000|100%| O|  |TAMS 0x0000000083500000, 0x0000000083500000| Untracked 
|  53|0x0000000083500000, 0x0000000083600000, 0x0000000083600000|100%| O|  |TAMS 0x0000000083600000, 0x0000000083600000| Untracked 
|  54|0x0000000083600000, 0x0000000083700000, 0x0000000083700000|100%| O|  |TAMS 0x0000000083700000, 0x0000000083700000| Untracked 
|  55|0x0000000083700000, 0x0000000083800000, 0x0000000083800000|100%| O|  |TAMS 0x0000000083800000, 0x0000000083800000| Untracked 
|  56|0x0000000083800000, 0x0000000083900000, 0x0000000083900000|100%| O|  |TAMS 0x0000000083900000, 0x0000000083900000| Untracked 
|  57|0x0000000083900000, 0x0000000083a00000, 0x0000000083a00000|100%| O|  |TAMS 0x0000000083a00000, 0x0000000083a00000| Untracked 
|  58|0x0000000083a00000, 0x0000000083b00000, 0x0000000083b00000|100%| O|  |TAMS 0x0000000083b00000, 0x0000000083b00000| Untracked 
|  59|0x0000000083b00000, 0x0000000083c00000, 0x0000000083c00000|100%| O|  |TAMS 0x0000000083c00000, 0x0000000083c00000| Untracked 
|  60|0x0000000083c00000, 0x0000000083d00000, 0x0000000083d00000|100%| O|  |TAMS 0x0000000083d00000, 0x0000000083d00000| Untracked 
|  61|0x0000000083d00000, 0x0000000083e00000, 0x0000000083e00000|100%| O|  |TAMS 0x0000000083e00000, 0x0000000083e00000| Untracked 
|  62|0x0000000083e00000, 0x0000000083f00000, 0x0000000083f00000|100%| O|  |TAMS 0x0000000083f00000, 0x0000000083f00000| Untracked 
|  63|0x0000000083f00000, 0x0000000084000000, 0x0000000084000000|100%| O|  |TAMS 0x0000000084000000, 0x0000000084000000| Untracked 
|  64|0x0000000084000000, 0x0000000084100000, 0x0000000084100000|100%| O|  |TAMS 0x0000000084100000, 0x0000000084100000| Untracked 
|  65|0x0000000084100000, 0x0000000084200000, 0x0000000084200000|100%| O|  |TAMS 0x0000000084200000, 0x0000000084200000| Untracked 
|  66|0x0000000084200000, 0x0000000084300000, 0x0000000084300000|100%| O|  |TAMS 0x0000000084300000, 0x0000000084300000| Untracked 
|  67|0x0000000084300000, 0x0000000084400000, 0x0000000084400000|100%| O|  |TAMS 0x0000000084400000, 0x0000000084400000| Untracked 
|  68|0x0000000084400000, 0x0000000084500000, 0x0000000084500000|100%| O|  |TAMS 0x0000000084500000, 0x0000000084500000| Untracked 
|  69|0x0000000084500000, 0x0000000084600000, 0x0000000084600000|100%| O|  |TAMS 0x0000000084600000, 0x0000000084600000| Untracked 
|  70|0x0000000084600000, 0x0000000084700000, 0x0000000084700000|100%| O|  |TAMS 0x0000000084700000, 0x0000000084700000| Untracked 
|  71|0x0000000084700000, 0x0000000084800000, 0x0000000084800000|100%| O|  |TAMS 0x0000000084800000, 0x0000000084800000| Untracked 
|  72|0x0000000084800000, 0x0000000084900000, 0x0000000084900000|100%| O|  |TAMS 0x0000000084900000, 0x0000000084900000| Untracked 
|  73|0x0000000084900000, 0x0000000084a00000, 0x0000000084a00000|100%| O|  |TAMS 0x0000000084a00000, 0x0000000084a00000| Untracked 
|  74|0x0000000084a00000, 0x0000000084b00000, 0x0000000084b00000|100%| O|  |TAMS 0x0000000084b00000, 0x0000000084b00000| Untracked 
|  75|0x0000000084b00000, 0x0000000084c00000, 0x0000000084c00000|100%| O|  |TAMS 0x0000000084c00000, 0x0000000084c00000| Untracked 
|  76|0x0000000084c00000, 0x0000000084d00000, 0x0000000084d00000|100%| O|  |TAMS 0x0000000084d00000, 0x0000000084d00000| Untracked 
|  77|0x0000000084d00000, 0x0000000084e00000, 0x0000000084e00000|100%| O|  |TAMS 0x0000000084e00000, 0x0000000084e00000| Untracked 
|  78|0x0000000084e00000, 0x0000000084f00000, 0x0000000084f00000|100%| O|  |TAMS 0x0000000084f00000, 0x0000000084f00000| Untracked 
|  79|0x0000000084f00000, 0x0000000085000000, 0x0000000085000000|100%| O|  |TAMS 0x0000000085000000, 0x0000000085000000| Untracked 
|  80|0x0000000085000000, 0x0000000085100000, 0x0000000085100000|100%| O|  |TAMS 0x0000000085100000, 0x0000000085100000| Untracked 
|  81|0x0000000085100000, 0x0000000085200000, 0x0000000085200000|100%| O|  |TAMS 0x0000000085200000, 0x0000000085200000| Untracked 
|  82|0x0000000085200000, 0x0000000085300000, 0x0000000085300000|100%| O|  |TAMS 0x0000000085300000, 0x0000000085300000| Untracked 
|  83|0x0000000085300000, 0x0000000085400000, 0x0000000085400000|100%| O|  |TAMS 0x0000000085400000, 0x0000000085400000| Untracked 
|  84|0x0000000085400000, 0x0000000085500000, 0x0000000085500000|100%| O|  |TAMS 0x0000000085500000, 0x0000000085500000| Untracked 
|  85|0x0000000085500000, 0x0000000085600000, 0x0000000085600000|100%| O|  |TAMS 0x0000000085600000, 0x0000000085600000| Untracked 
|  86|0x0000000085600000, 0x0000000085700000, 0x0000000085700000|100%| O|  |TAMS 0x0000000085700000, 0x0000000085700000| Untracked 
|  87|0x0000000085700000, 0x0000000085800000, 0x0000000085800000|100%| O|  |TAMS 0x0000000085800000, 0x0000000085800000| Untracked 
|  88|0x0000000085800000, 0x0000000085900000, 0x0000000085900000|100%| O|  |TAMS 0x0000000085900000, 0x0000000085900000| Untracked 
|  89|0x0000000085900000, 0x0000000085a00000, 0x0000000085a00000|100%| O|  |TAMS 0x0000000085a00000, 0x0000000085a00000| Untracked 
|  90|0x0000000085a00000, 0x0000000085b00000, 0x0000000085b00000|100%| O|  |TAMS 0x0000000085ac9600, 0x0000000085b00000| Untracked 
|  91|0x0000000085b00000, 0x0000000085c00000, 0x0000000085c00000|100%| O|  |TAMS 0x0000000085b00000, 0x0000000085c00000| Untracked 
|  92|0x0000000085c00000, 0x0000000085d00000, 0x0000000085d00000|100%| O|  |TAMS 0x0000000085c00000, 0x0000000085d00000| Untracked 
|  93|0x0000000085d00000, 0x0000000085e00000, 0x0000000085e00000|100%| O|  |TAMS 0x0000000085d00000, 0x0000000085e00000| Untracked 
|  94|0x0000000085e00000, 0x0000000085f00000, 0x0000000085f00000|100%| O|  |TAMS 0x0000000085e00000, 0x0000000085f00000| Untracked 
|  95|0x0000000085f00000, 0x0000000086000000, 0x0000000086000000|100%| O|  |TAMS 0x0000000085f00000, 0x0000000086000000| Untracked 
|  96|0x0000000086000000, 0x0000000086100000, 0x0000000086100000|100%| O|  |TAMS 0x0000000086000000, 0x0000000086100000| Untracked 
|  97|0x0000000086100000, 0x0000000086200000, 0x0000000086200000|100%| O|  |TAMS 0x0000000086100000, 0x0000000086200000| Untracked 
|  98|0x0000000086200000, 0x0000000086300000, 0x0000000086300000|100%| O|  |TAMS 0x0000000086200000, 0x0000000086300000| Untracked 
|  99|0x0000000086300000, 0x0000000086400000, 0x0000000086400000|100%| O|  |TAMS 0x0000000086300000, 0x0000000086400000| Untracked 
| 100|0x0000000086400000, 0x0000000086500000, 0x0000000086500000|100%| O|  |TAMS 0x0000000086400000, 0x0000000086500000| Untracked 
| 101|0x0000000086500000, 0x0000000086600000, 0x0000000086600000|100%| O|  |TAMS 0x0000000086500000, 0x0000000086600000| Untracked 
| 102|0x0000000086600000, 0x0000000086700000, 0x0000000086700000|100%| O|  |TAMS 0x0000000086600000, 0x0000000086700000| Untracked 
| 103|0x0000000086700000, 0x0000000086800000, 0x0000000086800000|100%| O|  |TAMS 0x0000000086700000, 0x0000000086800000| Untracked 
| 104|0x0000000086800000, 0x0000000086900000, 0x0000000086900000|100%| O|  |TAMS 0x0000000086800000, 0x0000000086900000| Untracked 
| 105|0x0000000086900000, 0x0000000086a00000, 0x0000000086a00000|100%| O|  |TAMS 0x0000000086900000, 0x0000000086a00000| Untracked 
| 106|0x0000000086a00000, 0x0000000086b00000, 0x0000000086b00000|100%| O|  |TAMS 0x0000000086a00000, 0x0000000086b00000| Untracked 
| 107|0x0000000086b00000, 0x0000000086c00000, 0x0000000086c00000|100%| O|  |TAMS 0x0000000086b00000, 0x0000000086c00000| Untracked 
| 108|0x0000000086c00000, 0x0000000086d00000, 0x0000000086d00000|100%| O|  |TAMS 0x0000000086c00000, 0x0000000086d00000| Untracked 
| 109|0x0000000086d00000, 0x0000000086e00000, 0x0000000086e00000|100%| O|  |TAMS 0x0000000086d00000, 0x0000000086e00000| Untracked 
| 110|0x0000000086e00000, 0x0000000086f00000, 0x0000000086f00000|100%| O|  |TAMS 0x0000000086e00000, 0x0000000086f00000| Untracked 
| 111|0x0000000086f00000, 0x0000000087000000, 0x0000000087000000|100%| O|  |TAMS 0x0000000086f00000, 0x0000000087000000| Untracked 
| 112|0x0000000087000000, 0x0000000087100000, 0x0000000087100000|100%|HS|  |TAMS 0x0000000087000000, 0x0000000087000000| Complete 
| 113|0x0000000087100000, 0x0000000087200000, 0x0000000087200000|100%| O|  |TAMS 0x0000000087100000, 0x0000000087200000| Untracked 
| 114|0x0000000087200000, 0x0000000087300000, 0x0000000087300000|100%| O|  |TAMS 0x0000000087200000, 0x0000000087300000| Untracked 
| 115|0x0000000087300000, 0x0000000087400000, 0x0000000087400000|100%| O|  |TAMS 0x0000000087300000, 0x0000000087400000| Untracked 
| 116|0x0000000087400000, 0x0000000087500000, 0x0000000087500000|100%| O|  |TAMS 0x0000000087400000, 0x0000000087500000| Untracked 
| 117|0x0000000087500000, 0x0000000087600000, 0x0000000087600000|100%| O|  |TAMS 0x0000000087500000, 0x0000000087600000| Untracked 
| 118|0x0000000087600000, 0x0000000087700000, 0x0000000087700000|100%| O|  |TAMS 0x0000000087600000, 0x0000000087700000| Untracked 
| 119|0x0000000087700000, 0x0000000087800000, 0x0000000087800000|100%| O|  |TAMS 0x0000000087700000, 0x0000000087800000| Untracked 
| 120|0x0000000087800000, 0x0000000087900000, 0x0000000087900000|100%| O|  |TAMS 0x0000000087800000, 0x0000000087900000| Untracked 
| 121|0x0000000087900000, 0x0000000087a00000, 0x0000000087a00000|100%| O|  |TAMS 0x0000000087900000, 0x0000000087a00000| Untracked 
| 122|0x0000000087a00000, 0x0000000087b00000, 0x0000000087b00000|100%| O|  |TAMS 0x0000000087a00000, 0x0000000087b00000| Untracked 
| 123|0x0000000087b00000, 0x0000000087c00000, 0x0000000087c00000|100%| O|  |TAMS 0x0000000087b00000, 0x0000000087c00000| Untracked 
| 124|0x0000000087c00000, 0x0000000087d00000, 0x0000000087d00000|100%| O|  |TAMS 0x0000000087c00000, 0x0000000087d00000| Untracked 
| 125|0x0000000087d00000, 0x0000000087e00000, 0x0000000087e00000|100%| O|  |TAMS 0x0000000087d00000, 0x0000000087e00000| Untracked 
| 126|0x0000000087e00000, 0x0000000087e5dc00, 0x0000000087f00000| 36%| O|  |TAMS 0x0000000087e00000, 0x0000000087e5dc00| Untracked 
| 127|0x0000000087f00000, 0x0000000088000000, 0x0000000088000000|100%|HS|  |TAMS 0x0000000087f00000, 0x0000000087f00000| Complete 
| 128|0x0000000088000000, 0x0000000088100000, 0x0000000088100000|100%|HS|  |TAMS 0x0000000088000000, 0x0000000088000000| Complete 
| 129|0x0000000088100000, 0x0000000088200000, 0x0000000088200000|100%|HS|  |TAMS 0x0000000088100000, 0x0000000088100000| Complete 
| 130|0x0000000088200000, 0x0000000088200000, 0x0000000088300000|  0%| F|  |TAMS 0x0000000088200000, 0x0000000088200000| Untracked 
| 131|0x0000000088300000, 0x0000000088300000, 0x0000000088400000|  0%| F|  |TAMS 0x0000000088300000, 0x0000000088300000| Untracked 
| 132|0x0000000088400000, 0x0000000088400000, 0x0000000088500000|  0%| F|  |TAMS 0x0000000088400000, 0x0000000088400000| Untracked 
| 133|0x0000000088500000, 0x0000000088500000, 0x0000000088600000|  0%| F|  |TAMS 0x0000000088500000, 0x0000000088500000| Untracked 
| 134|0x0000000088600000, 0x0000000088600000, 0x0000000088700000|  0%| F|  |TAMS 0x0000000088600000, 0x0000000088600000| Untracked 
| 135|0x0000000088700000, 0x0000000088700000, 0x0000000088800000|  0%| F|  |TAMS 0x0000000088700000, 0x0000000088700000| Untracked 
| 136|0x0000000088800000, 0x0000000088800000, 0x0000000088900000|  0%| F|  |TAMS 0x0000000088800000, 0x0000000088800000| Untracked 
| 137|0x0000000088900000, 0x0000000088900000, 0x0000000088a00000|  0%| F|  |TAMS 0x0000000088900000, 0x0000000088900000| Untracked 
| 138|0x0000000088a00000, 0x0000000088a00000, 0x0000000088b00000|  0%| F|  |TAMS 0x0000000088a00000, 0x0000000088a00000| Untracked 
| 139|0x0000000088b00000, 0x0000000088b00000, 0x0000000088c00000|  0%| F|  |TAMS 0x0000000088b00000, 0x0000000088b00000| Untracked 
| 140|0x0000000088c00000, 0x0000000088c00000, 0x0000000088d00000|  0%| F|  |TAMS 0x0000000088c00000, 0x0000000088c00000| Untracked 
| 141|0x0000000088d00000, 0x0000000088d00000, 0x0000000088e00000|  0%| F|  |TAMS 0x0000000088d00000, 0x0000000088d00000| Untracked 
| 142|0x0000000088e00000, 0x0000000088e00000, 0x0000000088f00000|  0%| F|  |TAMS 0x0000000088e00000, 0x0000000088e00000| Untracked 
| 143|0x0000000088f00000, 0x0000000088f00000, 0x0000000089000000|  0%| F|  |TAMS 0x0000000088f00000, 0x0000000088f00000| Untracked 
| 144|0x0000000089000000, 0x0000000089000000, 0x0000000089100000|  0%| F|  |TAMS 0x0000000089000000, 0x0000000089000000| Untracked 
| 145|0x0000000089100000, 0x0000000089100000, 0x0000000089200000|  0%| F|  |TAMS 0x0000000089100000, 0x0000000089100000| Untracked 
| 146|0x0000000089200000, 0x0000000089200000, 0x0000000089300000|  0%| F|  |TAMS 0x0000000089200000, 0x0000000089200000| Untracked 
| 147|0x0000000089300000, 0x0000000089300000, 0x0000000089400000|  0%| F|  |TAMS 0x0000000089300000, 0x0000000089300000| Untracked 
| 148|0x0000000089400000, 0x0000000089400000, 0x0000000089500000|  0%| F|  |TAMS 0x0000000089400000, 0x0000000089400000| Untracked 
| 149|0x0000000089500000, 0x0000000089500000, 0x0000000089600000|  0%| F|  |TAMS 0x0000000089500000, 0x0000000089500000| Untracked 
| 150|0x0000000089600000, 0x0000000089600000, 0x0000000089700000|  0%| F|  |TAMS 0x0000000089600000, 0x0000000089600000| Untracked 
| 151|0x0000000089700000, 0x0000000089700000, 0x0000000089800000|  0%| F|  |TAMS 0x0000000089700000, 0x0000000089700000| Untracked 
| 152|0x0000000089800000, 0x0000000089800000, 0x0000000089900000|  0%| F|  |TAMS 0x0000000089800000, 0x0000000089800000| Untracked 
| 153|0x0000000089900000, 0x0000000089900000, 0x0000000089a00000|  0%| F|  |TAMS 0x0000000089900000, 0x0000000089900000| Untracked 
| 154|0x0000000089a00000, 0x0000000089a00000, 0x0000000089b00000|  0%| F|  |TAMS 0x0000000089a00000, 0x0000000089a00000| Untracked 
| 155|0x0000000089b00000, 0x0000000089b00000, 0x0000000089c00000|  0%| F|  |TAMS 0x0000000089b00000, 0x0000000089b00000| Untracked 
| 156|0x0000000089c00000, 0x0000000089c00000, 0x0000000089d00000|  0%| F|  |TAMS 0x0000000089c00000, 0x0000000089c00000| Untracked 
| 157|0x0000000089d00000, 0x0000000089d00000, 0x0000000089e00000|  0%| F|  |TAMS 0x0000000089d00000, 0x0000000089d00000| Untracked 
| 158|0x0000000089e00000, 0x0000000089e00000, 0x0000000089f00000|  0%| F|  |TAMS 0x0000000089e00000, 0x0000000089e00000| Untracked 
| 159|0x0000000089f00000, 0x0000000089f00000, 0x000000008a000000|  0%| F|  |TAMS 0x0000000089f00000, 0x0000000089f00000| Untracked 
| 160|0x000000008a000000, 0x000000008a000000, 0x000000008a100000|  0%| F|  |TAMS 0x000000008a000000, 0x000000008a000000| Untracked 
| 161|0x000000008a100000, 0x000000008a100000, 0x000000008a200000|  0%| F|  |TAMS 0x000000008a100000, 0x000000008a100000| Untracked 
| 162|0x000000008a200000, 0x000000008a200000, 0x000000008a300000|  0%| F|  |TAMS 0x000000008a200000, 0x000000008a200000| Untracked 
| 163|0x000000008a300000, 0x000000008a300000, 0x000000008a400000|  0%| F|  |TAMS 0x000000008a300000, 0x000000008a300000| Untracked 
| 164|0x000000008a400000, 0x000000008a400000, 0x000000008a500000|  0%| F|  |TAMS 0x000000008a400000, 0x000000008a400000| Untracked 
| 165|0x000000008a500000, 0x000000008a500000, 0x000000008a600000|  0%| F|  |TAMS 0x000000008a500000, 0x000000008a500000| Untracked 
| 166|0x000000008a600000, 0x000000008a600000, 0x000000008a700000|  0%| F|  |TAMS 0x000000008a600000, 0x000000008a600000| Untracked 
| 167|0x000000008a700000, 0x000000008a700000, 0x000000008a800000|  0%| F|  |TAMS 0x000000008a700000, 0x000000008a700000| Untracked 
| 168|0x000000008a800000, 0x000000008a800000, 0x000000008a900000|  0%| F|  |TAMS 0x000000008a800000, 0x000000008a800000| Untracked 
| 169|0x000000008a900000, 0x000000008a900000, 0x000000008aa00000|  0%| F|  |TAMS 0x000000008a900000, 0x000000008a900000| Untracked 
| 170|0x000000008aa00000, 0x000000008aa00000, 0x000000008ab00000|  0%| F|  |TAMS 0x000000008aa00000, 0x000000008aa00000| Untracked 
| 171|0x000000008ab00000, 0x000000008ab00000, 0x000000008ac00000|  0%| F|  |TAMS 0x000000008ab00000, 0x000000008ab00000| Untracked 
| 172|0x000000008ac00000, 0x000000008ac00000, 0x000000008ad00000|  0%| F|  |TAMS 0x000000008ac00000, 0x000000008ac00000| Untracked 
| 173|0x000000008ad00000, 0x000000008ad00000, 0x000000008ae00000|  0%| F|  |TAMS 0x000000008ad00000, 0x000000008ad00000| Untracked 
| 174|0x000000008ae00000, 0x000000008ae00000, 0x000000008af00000|  0%| F|  |TAMS 0x000000008ae00000, 0x000000008ae00000| Untracked 
| 175|0x000000008af00000, 0x000000008af00000, 0x000000008b000000|  0%| F|  |TAMS 0x000000008af00000, 0x000000008af00000| Untracked 
| 176|0x000000008b000000, 0x000000008b000000, 0x000000008b100000|  0%| F|  |TAMS 0x000000008b000000, 0x000000008b000000| Untracked 
| 177|0x000000008b100000, 0x000000008b100000, 0x000000008b200000|  0%| F|  |TAMS 0x000000008b100000, 0x000000008b100000| Untracked 
| 178|0x000000008b200000, 0x000000008b200000, 0x000000008b300000|  0%| F|  |TAMS 0x000000008b200000, 0x000000008b200000| Untracked 
| 179|0x000000008b300000, 0x000000008b300000, 0x000000008b400000|  0%| F|  |TAMS 0x000000008b300000, 0x000000008b300000| Untracked 
| 180|0x000000008b400000, 0x000000008b400000, 0x000000008b500000|  0%| F|  |TAMS 0x000000008b400000, 0x000000008b400000| Untracked 
| 181|0x000000008b500000, 0x000000008b500000, 0x000000008b600000|  0%| F|  |TAMS 0x000000008b500000, 0x000000008b500000| Untracked 
| 182|0x000000008b600000, 0x000000008b600000, 0x000000008b700000|  0%| F|  |TAMS 0x000000008b600000, 0x000000008b600000| Untracked 
| 183|0x000000008b700000, 0x000000008b700000, 0x000000008b800000|  0%| F|  |TAMS 0x000000008b700000, 0x000000008b700000| Untracked 
| 184|0x000000008b800000, 0x000000008b800000, 0x000000008b900000|  0%| F|  |TAMS 0x000000008b800000, 0x000000008b800000| Untracked 
| 185|0x000000008b900000, 0x000000008b900000, 0x000000008ba00000|  0%| F|  |TAMS 0x000000008b900000, 0x000000008b900000| Untracked 
| 186|0x000000008ba00000, 0x000000008ba00000, 0x000000008bb00000|  0%| F|  |TAMS 0x000000008ba00000, 0x000000008ba00000| Untracked 
| 187|0x000000008bb00000, 0x000000008bb00000, 0x000000008bc00000|  0%| F|  |TAMS 0x000000008bb00000, 0x000000008bb00000| Untracked 
| 188|0x000000008bc00000, 0x000000008bc00000, 0x000000008bd00000|  0%| F|  |TAMS 0x000000008bc00000, 0x000000008bc00000| Untracked 
| 189|0x000000008bd00000, 0x000000008bd00000, 0x000000008be00000|  0%| F|  |TAMS 0x000000008bd00000, 0x000000008bd00000| Untracked 
| 190|0x000000008be00000, 0x000000008be00000, 0x000000008bf00000|  0%| F|  |TAMS 0x000000008be00000, 0x000000008be00000| Untracked 
| 191|0x000000008bf00000, 0x000000008bf00000, 0x000000008c000000|  0%| F|  |TAMS 0x000000008bf00000, 0x000000008bf00000| Untracked 
| 192|0x000000008c000000, 0x000000008c0b77a0, 0x000000008c100000| 71%| S|CS|TAMS 0x000000008c000000, 0x000000008c000000| Complete 
| 193|0x000000008c100000, 0x000000008c200000, 0x000000008c200000|100%| S|CS|TAMS 0x000000008c100000, 0x000000008c100000| Complete 
| 194|0x000000008c200000, 0x000000008c300000, 0x000000008c300000|100%| S|CS|TAMS 0x000000008c200000, 0x000000008c200000| Complete 
| 195|0x000000008c300000, 0x000000008c400000, 0x000000008c400000|100%| S|CS|TAMS 0x000000008c300000, 0x000000008c300000| Complete 
| 196|0x000000008c400000, 0x000000008c500000, 0x000000008c500000|100%| S|CS|TAMS 0x000000008c400000, 0x000000008c400000| Complete 
| 197|0x000000008c500000, 0x000000008c600000, 0x000000008c600000|100%| S|CS|TAMS 0x000000008c500000, 0x000000008c500000| Complete 
| 198|0x000000008c600000, 0x000000008c700000, 0x000000008c700000|100%| S|CS|TAMS 0x000000008c600000, 0x000000008c600000| Complete 
| 199|0x000000008c700000, 0x000000008c800000, 0x000000008c800000|100%| S|CS|TAMS 0x000000008c700000, 0x000000008c700000| Complete 
| 200|0x000000008c800000, 0x000000008c900000, 0x000000008c900000|100%| S|CS|TAMS 0x000000008c800000, 0x000000008c800000| Complete 
| 201|0x000000008c900000, 0x000000008ca00000, 0x000000008ca00000|100%| S|CS|TAMS 0x000000008c900000, 0x000000008c900000| Complete 
| 202|0x000000008ca00000, 0x000000008cb00000, 0x000000008cb00000|100%| S|CS|TAMS 0x000000008ca00000, 0x000000008ca00000| Complete 
| 203|0x000000008cb00000, 0x000000008cc00000, 0x000000008cc00000|100%| S|CS|TAMS 0x000000008cb00000, 0x000000008cb00000| Complete 
| 204|0x000000008cc00000, 0x000000008cc00000, 0x000000008cd00000|  0%| F|  |TAMS 0x000000008cc00000, 0x000000008cc00000| Untracked 
| 205|0x000000008cd00000, 0x000000008cd00000, 0x000000008ce00000|  0%| F|  |TAMS 0x000000008cd00000, 0x000000008cd00000| Untracked 
| 206|0x000000008ce00000, 0x000000008ce00000, 0x000000008cf00000|  0%| F|  |TAMS 0x000000008ce00000, 0x000000008ce00000| Untracked 
| 207|0x000000008cf00000, 0x000000008cf00000, 0x000000008d000000|  0%| F|  |TAMS 0x000000008cf00000, 0x000000008cf00000| Untracked 
| 208|0x000000008d000000, 0x000000008d000000, 0x000000008d100000|  0%| F|  |TAMS 0x000000008d000000, 0x000000008d000000| Untracked 
| 209|0x000000008d100000, 0x000000008d100000, 0x000000008d200000|  0%| F|  |TAMS 0x000000008d100000, 0x000000008d100000| Untracked 
| 210|0x000000008d200000, 0x000000008d200000, 0x000000008d300000|  0%| F|  |TAMS 0x000000008d200000, 0x000000008d200000| Untracked 
| 211|0x000000008d300000, 0x000000008d300000, 0x000000008d400000|  0%| F|  |TAMS 0x000000008d300000, 0x000000008d300000| Untracked 
| 212|0x000000008d400000, 0x000000008d400000, 0x000000008d500000|  0%| F|  |TAMS 0x000000008d400000, 0x000000008d400000| Untracked 
| 213|0x000000008d500000, 0x000000008d500000, 0x000000008d600000|  0%| F|  |TAMS 0x000000008d500000, 0x000000008d500000| Untracked 
| 214|0x000000008d600000, 0x000000008d600000, 0x000000008d700000|  0%| F|  |TAMS 0x000000008d600000, 0x000000008d600000| Untracked 
| 215|0x000000008d700000, 0x000000008d700000, 0x000000008d800000|  0%| F|  |TAMS 0x000000008d700000, 0x000000008d700000| Untracked 
| 216|0x000000008d800000, 0x000000008d800000, 0x000000008d900000|  0%| F|  |TAMS 0x000000008d800000, 0x000000008d800000| Untracked 
| 217|0x000000008d900000, 0x000000008d900000, 0x000000008da00000|  0%| F|  |TAMS 0x000000008d900000, 0x000000008d900000| Untracked 
| 218|0x000000008da00000, 0x000000008da00000, 0x000000008db00000|  0%| F|  |TAMS 0x000000008da00000, 0x000000008da00000| Untracked 
| 219|0x000000008db00000, 0x000000008db00000, 0x000000008dc00000|  0%| F|  |TAMS 0x000000008db00000, 0x000000008db00000| Untracked 
| 220|0x000000008dc00000, 0x000000008dc00000, 0x000000008dd00000|  0%| F|  |TAMS 0x000000008dc00000, 0x000000008dc00000| Untracked 
| 221|0x000000008dd00000, 0x000000008dd00000, 0x000000008de00000|  0%| F|  |TAMS 0x000000008dd00000, 0x000000008dd00000| Untracked 
| 222|0x000000008de00000, 0x000000008de00000, 0x000000008df00000|  0%| F|  |TAMS 0x000000008de00000, 0x000000008de00000| Untracked 
| 223|0x000000008df00000, 0x000000008df00000, 0x000000008e000000|  0%| F|  |TAMS 0x000000008df00000, 0x000000008df00000| Untracked 
| 224|0x000000008e000000, 0x000000008e000000, 0x000000008e100000|  0%| F|  |TAMS 0x000000008e000000, 0x000000008e000000| Untracked 
| 225|0x000000008e100000, 0x000000008e100000, 0x000000008e200000|  0%| F|  |TAMS 0x000000008e100000, 0x000000008e100000| Untracked 
| 226|0x000000008e200000, 0x000000008e200000, 0x000000008e300000|  0%| F|  |TAMS 0x000000008e200000, 0x000000008e200000| Untracked 
| 227|0x000000008e300000, 0x000000008e300000, 0x000000008e400000|  0%| F|  |TAMS 0x000000008e300000, 0x000000008e300000| Untracked 
| 228|0x000000008e400000, 0x000000008e400000, 0x000000008e500000|  0%| F|  |TAMS 0x000000008e400000, 0x000000008e400000| Untracked 
| 229|0x000000008e500000, 0x000000008e500000, 0x000000008e600000|  0%| F|  |TAMS 0x000000008e500000, 0x000000008e500000| Untracked 
| 230|0x000000008e600000, 0x000000008e600000, 0x000000008e700000|  0%| F|  |TAMS 0x000000008e600000, 0x000000008e600000| Untracked 
| 231|0x000000008e700000, 0x000000008e700000, 0x000000008e800000|  0%| F|  |TAMS 0x000000008e700000, 0x000000008e700000| Untracked 
| 232|0x000000008e800000, 0x000000008e800000, 0x000000008e900000|  0%| F|  |TAMS 0x000000008e800000, 0x000000008e800000| Untracked 
| 233|0x000000008e900000, 0x000000008e900000, 0x000000008ea00000|  0%| F|  |TAMS 0x000000008e900000, 0x000000008e900000| Untracked 
| 234|0x000000008ea00000, 0x000000008ea00000, 0x000000008eb00000|  0%| F|  |TAMS 0x000000008ea00000, 0x000000008ea00000| Untracked 
| 235|0x000000008eb00000, 0x000000008eb00000, 0x000000008ec00000|  0%| F|  |TAMS 0x000000008eb00000, 0x000000008eb00000| Untracked 
| 236|0x000000008ec00000, 0x000000008ec00000, 0x000000008ed00000|  0%| F|  |TAMS 0x000000008ec00000, 0x000000008ec00000| Untracked 
| 237|0x000000008ed00000, 0x000000008ed76580, 0x000000008ee00000| 46%| E|  |TAMS 0x000000008ed00000, 0x000000008ed00000| Complete 
| 238|0x000000008ee00000, 0x000000008ef00000, 0x000000008ef00000|100%| E|CS|TAMS 0x000000008ee00000, 0x000000008ee00000| Complete 
| 239|0x000000008ef00000, 0x000000008f000000, 0x000000008f000000|100%| E|CS|TAMS 0x000000008ef00000, 0x000000008ef00000| Complete 
| 240|0x000000008f000000, 0x000000008f100000, 0x000000008f100000|100%| E|CS|TAMS 0x000000008f000000, 0x000000008f000000| Complete 
| 241|0x000000008f100000, 0x000000008f200000, 0x000000008f200000|100%| E|CS|TAMS 0x000000008f100000, 0x000000008f100000| Complete 
| 242|0x000000008f200000, 0x000000008f300000, 0x000000008f300000|100%| E|CS|TAMS 0x000000008f200000, 0x000000008f200000| Complete 
| 243|0x000000008f300000, 0x000000008f400000, 0x000000008f400000|100%| E|CS|TAMS 0x000000008f300000, 0x000000008f300000| Complete 
| 244|0x000000008f400000, 0x000000008f500000, 0x000000008f500000|100%| E|CS|TAMS 0x000000008f400000, 0x000000008f400000| Complete 
| 245|0x000000008f500000, 0x000000008f600000, 0x000000008f600000|100%| E|  |TAMS 0x000000008f500000, 0x000000008f500000| Complete 
| 246|0x000000008f600000, 0x000000008f700000, 0x000000008f700000|100%| E|CS|TAMS 0x000000008f600000, 0x000000008f600000| Complete 
| 247|0x000000008f700000, 0x000000008f800000, 0x000000008f800000|100%| E|CS|TAMS 0x000000008f700000, 0x000000008f700000| Complete 
| 248|0x000000008f800000, 0x000000008f900000, 0x000000008f900000|100%| E|CS|TAMS 0x000000008f800000, 0x000000008f800000| Complete 
| 249|0x000000008f900000, 0x000000008fa00000, 0x000000008fa00000|100%| E|CS|TAMS 0x000000008f900000, 0x000000008f900000| Complete 
| 250|0x000000008fa00000, 0x000000008fb00000, 0x000000008fb00000|100%| E|CS|TAMS 0x000000008fa00000, 0x000000008fa00000| Complete 
| 251|0x000000008fb00000, 0x000000008fc00000, 0x000000008fc00000|100%| E|CS|TAMS 0x000000008fb00000, 0x000000008fb00000| Complete 
| 252|0x000000008fc00000, 0x000000008fd00000, 0x000000008fd00000|100%| E|CS|TAMS 0x000000008fc00000, 0x000000008fc00000| Complete 
| 253|0x000000008fd00000, 0x000000008fe00000, 0x000000008fe00000|100%| E|CS|TAMS 0x000000008fd00000, 0x000000008fd00000| Complete 

Card table byte_map: [0x0000028025420000,0x0000028025820000] _byte_map_base: 0x0000028025020000

Marking Bits (Prev, Next): (CMBitMap*) 0x000002800b49ea10, (CMBitMap*) 0x000002800b49e9d8
 Prev Bits: [0x0000028027c20000, 0x0000028029c20000)
 Next Bits: [0x0000028025c20000, 0x0000028027c20000)

Polling page: 0x000002800b370000

Metaspace:

Usage:
  Non-class:     98.85 MB capacity,    96.17 MB ( 97%) used,     2.35 MB (  2%) free+waste,   335.75 KB ( <1%) overhead. 
      Class:     15.06 MB capacity,    13.67 MB ( 91%) used,     1.24 MB (  8%) free+waste,   155.94 KB (  1%) overhead. 
       Both:    113.91 MB capacity,   109.84 MB ( 96%) used,     3.59 MB (  3%) free+waste,   491.69 KB ( <1%) overhead. 

Virtual space:
  Non-class space:      100.00 MB reserved,      98.88 MB ( 99%) committed 
      Class space:        1.00 GB reserved,      15.13 MB (  1%) committed 
             Both:        1.10 GB reserved,     114.01 MB ( 10%) committed 

Chunk freelists:
   Non-Class:  3.88 KB
       Class:  768 bytes
        Both:  4.63 KB

CodeHeap 'non-profiled nmethods': size=120000Kb used=11476Kb max_used=11476Kb free=108523Kb
 bounds [0x000002801d590000, 0x000002801e0d0000, 0x0000028024ac0000]
CodeHeap 'profiled nmethods': size=120000Kb used=33558Kb max_used=33729Kb free=86441Kb
 bounds [0x0000028016060000, 0x0000028018190000, 0x000002801d590000]
CodeHeap 'non-nmethods': size=5760Kb used=2405Kb max_used=2447Kb free=3354Kb
 bounds [0x0000028015ac0000, 0x0000028015d30000, 0x0000028016060000]
 total_blobs=15936 nmethods=14884 adapters=962
 compilation: enabled
              stopped_count=0, restarted_count=0
 full_count=0

Compilation events (10 events):
Event: 2870.268 Thread 0x000002803156e800 nmethod 17410% 0x000002801e0a8d10 code [0x000002801e0a8f60, 0x000002801e0ac990]
Event: 2870.268 Thread 0x000002803156e800 17560 %     4       sun.nio.cs.UTF_8$Encoder::encodeArrayLoop @ 73 (489 bytes)
Event: 2870.270 Thread 0x000002802d169800 nmethod 17562 0x00000280178ec990 code [0x00000280178ece20, 0x00000280178ee7d0]
Event: 2870.270 Thread 0x000002802d169800 17564   !   2       com.sun.org.apache.xerces.internal.parsers.DOMParser::getErrorHandler (42 bytes)
Event: 2870.270 Thread 0x000002802d169800 nmethod 17564 0x0000028016b1ba10 code [0x0000028016b1bc00, 0x0000028016b1bfa0]
Event: 2870.270 Thread 0x000002802d169800 17563       2       com.sun.org.apache.xerces.internal.parsers.DOMParser::<init> (73 bytes)
Event: 2870.271 Thread 0x000002802d169800 nmethod 17563 0x0000028016bc4390 code [0x0000028016bc45a0, 0x0000028016bc4a80]
Event: 2870.277 Thread 0x000002802d169800 17565   !   2       com.sun.org.apache.xerces.internal.jaxp.DocumentBuilderFactoryImpl::newDocumentBuilder (122 bytes)
Event: 2870.278 Thread 0x000002802d169800 nmethod 17565 0x0000028016c7cf10 code [0x0000028016c7d160, 0x0000028016c7d9d0]
Event: 2870.278 Thread 0x000002802d169800 17568       3       com.android.ide.common.resources.NodeUtils::updateNamespace (161 bytes)

GC Heap History (10 events):
Event: 2637.917 GC heap before
{Heap before GC invocations=20 (full 0):
 garbage-first heap   total 260096K, used 207127K [0x0000000080000000, 0x0000000100000000)
  region size 1024K, 97 young (99328K), 5 survivors (5120K)
 Metaspace       used 105143K, capacity 108884K, committed 109192K, reserved 1144832K
  class space    used 13221K, capacity 14478K, committed 14592K, reserved 1048576K
}
Event: 2637.926 GC heap after
{Heap after GC invocations=21 (full 0):
 garbage-first heap   total 260096K, used 122099K [0x0000000080000000, 0x0000000100000000)
  region size 1024K, 13 young (13312K), 13 survivors (13312K)
 Metaspace       used 105143K, capacity 108884K, committed 109192K, reserved 1144832K
  class space    used 13221K, capacity 14478K, committed 14592K, reserved 1048576K
}
Event: 2778.491 GC heap before
{Heap before GC invocations=21 (full 0):
 garbage-first heap   total 260096K, used 208115K [0x0000000080000000, 0x0000000100000000)
  region size 1024K, 98 young (100352K), 13 survivors (13312K)
 Metaspace       used 105800K, capacity 109632K, committed 109832K, reserved 1144832K
  class space    used 13280K, capacity 14599K, committed 14720K, reserved 1048576K
}
Event: 2778.498 GC heap after
{Heap after GC invocations=22 (full 0):
 garbage-first heap   total 260096K, used 119766K [0x0000000080000000, 0x0000000100000000)
  region size 1024K, 6 young (6144K), 6 survivors (6144K)
 Metaspace       used 105800K, capacity 109632K, committed 109832K, reserved 1144832K
  class space    used 13280K, capacity 14599K, committed 14720K, reserved 1048576K
}
Event: 2865.731 GC heap before
{Heap before GC invocations=22 (full 0):
 garbage-first heap   total 260096K, used 209878K [0x0000000080000000, 0x0000000100000000)
  region size 1024K, 95 young (97280K), 6 survivors (6144K)
 Metaspace       used 106238K, capacity 110239K, committed 110344K, reserved 1144832K
  class space    used 13322K, capacity 14670K, committed 14720K, reserved 1048576K
}
Event: 2865.734 GC heap after
{Heap after GC invocations=23 (full 0):
 garbage-first heap   total 260096K, used 116907K [0x0000000080000000, 0x0000000100000000)
  region size 1024K, 3 young (3072K), 3 survivors (3072K)
 Metaspace       used 106238K, capacity 110239K, committed 110344K, reserved 1144832K
  class space    used 13322K, capacity 14670K, committed 14720K, reserved 1048576K
}
Event: 2869.341 GC heap before
{Heap before GC invocations=23 (full 0):
 garbage-first heap   total 260096K, used 212139K [0x0000000080000000, 0x0000000100000000)
  region size 1024K, 96 young (98304K), 3 survivors (3072K)
 Metaspace       used 111986K, capacity 116100K, committed 116232K, reserved 1150976K
  class space    used 13988K, capacity 15376K, committed 15488K, reserved 1048576K
}
Event: 2869.349 GC heap after
{Heap after GC invocations=24 (full 0):
 garbage-first heap   total 260096K, used 129329K [0x0000000080000000, 0x0000000100000000)
  region size 1024K, 12 young (12288K), 12 survivors (12288K)
 Metaspace       used 111986K, capacity 116100K, committed 116232K, reserved 1150976K
  class space    used 13988K, capacity 15376K, committed 15488K, reserved 1048576K
}
Event: 2870.162 GC heap before
{Heap before GC invocations=24 (full 0):
 garbage-first heap   total 260096K, used 178481K [0x0000000080000000, 0x0000000100000000)
  region size 1024K, 62 young (63488K), 12 survivors (12288K)
 Metaspace       used 112290K, capacity 116430K, committed 116744K, reserved 1150976K
  class space    used 13989K, capacity 15377K, committed 15488K, reserved 1048576K
}
Event: 2870.174 GC heap after
{Heap after GC invocations=25 (full 0):
 garbage-first heap   total 260096K, used 140372K [0x0000000080000000, 0x0000000100000000)
  region size 1024K, 12 young (12288K), 12 survivors (12288K)
 Metaspace       used 112290K, capacity 116430K, committed 116744K, reserved 1150976K
  class space    used 13989K, capacity 15377K, committed 15488K, reserved 1048576K
}

Deoptimization events (10 events):
Event: 2870.100 Thread 0x00000280313ea800 Uncommon trap: reason=unstable_if action=reinterpret pc=0x000002801e092be0 method=com.sun.org.apache.xerces.internal.impl.XMLNSDocumentScannerImpl.scanStartElement()Z @ 937 c2
Event: 2870.101 Thread 0x00000280313ea800 Uncommon trap: reason=speculate_class_check action=maybe_recompile pc=0x000002801e080178 method=com.android.ide.common.resources.ResourceMergerItem.getKey()Ljava/lang/String; @ 35 c2
Event: 2870.101 Thread 0x00000280313ea800 Uncommon trap: reason=speculate_class_check action=maybe_recompile pc=0x000002801e080178 method=com.android.ide.common.resources.ResourceMergerItem.getKey()Ljava/lang/String; @ 35 c2
Event: 2870.101 Thread 0x00000280313ea800 Uncommon trap: reason=speculate_class_check action=maybe_recompile pc=0x000002801e080178 method=com.android.ide.common.resources.ResourceMergerItem.getKey()Ljava/lang/String; @ 35 c2
Event: 2870.101 Thread 0x00000280313ea800 Uncommon trap: reason=speculate_class_check action=maybe_recompile pc=0x000002801e080178 method=com.android.ide.common.resources.ResourceMergerItem.getKey()Ljava/lang/String; @ 35 c2
Event: 2870.119 Thread 0x00000280313ea800 Uncommon trap: reason=unstable_if action=reinterpret pc=0x000002801e022bec method=com.android.utils.PositionXmlParser$DomBuilder.findOpeningTag(Lcom/android/utils/PositionXmlParser$Position;)Lcom/android/utils/PositionXmlParser$Position; @ 81 c2
Event: 2870.208 Thread 0x00000280313ea800 Uncommon trap: reason=speculate_null_assert action=make_not_entrant pc=0x000002801e0866d4 method=com.sun.org.apache.xerces.internal.dom.CoreDocumentImpl.setUserData(Lorg/w3c/dom/Node;Ljava/lang/String;Ljava/lang/Object;Lorg/w3c/dom/UserDataHandler;)Ljava/
Event: 2870.224 Thread 0x00000280313ea800 Uncommon trap: reason=unstable_if action=reinterpret pc=0x000002801e06f348 method=com.sun.org.apache.xerces.internal.dom.ParentNode.nodeListItem(I)Lorg/w3c/dom/Node; @ 87 c2
Event: 2870.224 Thread 0x00000280313ea800 Uncommon trap: reason=unstable_fused_if action=reinterpret pc=0x000002801e06fc1c method=com.sun.org.apache.xerces.internal.dom.ParentNode.nodeListItem(I)Lorg/w3c/dom/Node; @ 136 c2
Event: 2870.229 Thread 0x00000280313ea800 Uncommon trap: reason=unstable_if action=reinterpret pc=0x000002801db11b5c method=java.io.File.equals(Ljava/lang/Object;)Z @ 1 c2

Classes redefined (0 events):
No events

Internal exceptions (10 events):
Event: 2868.226 Thread 0x00000280313ea800 Exception <a 'sun/nio/fs/WindowsException'{0x000000008b5c8088}> (0x000000008b5c8088) thrown at [./open/src/hotspot/share/prims/jni.cpp, line 611]
Event: 2868.229 Thread 0x00000280313ea800 Exception <a 'sun/nio/fs/WindowsException'{0x000000008b5c93c0}> (0x000000008b5c93c0) thrown at [./open/src/hotspot/share/prims/jni.cpp, line 611]
Event: 2868.231 Thread 0x00000280313ea800 Exception <a 'sun/nio/fs/WindowsException'{0x000000008b5ca578}> (0x000000008b5ca578) thrown at [./open/src/hotspot/share/prims/jni.cpp, line 611]
Event: 2868.234 Thread 0x00000280313ea800 Exception <a 'sun/nio/fs/WindowsException'{0x000000008b5cbc20}> (0x000000008b5cbc20) thrown at [./open/src/hotspot/share/prims/jni.cpp, line 611]
Event: 2868.237 Thread 0x00000280313ea800 Exception <a 'sun/nio/fs/WindowsException'{0x000000008b5ccee8}> (0x000000008b5ccee8) thrown at [./open/src/hotspot/share/prims/jni.cpp, line 611]
Event: 2868.239 Thread 0x00000280313ea800 Exception <a 'sun/nio/fs/WindowsException'{0x000000008b5ce0d0}> (0x000000008b5ce0d0) thrown at [./open/src/hotspot/share/prims/jni.cpp, line 611]
Event: 2868.242 Thread 0x00000280313ea800 Exception <a 'sun/nio/fs/WindowsException'{0x000000008b5cf320}> (0x000000008b5cf320) thrown at [./open/src/hotspot/share/prims/jni.cpp, line 611]
Event: 2869.856 Thread 0x00000280313ea800 Implicit null exception at 0x000002801e07a348 to 0x000002801e07a57e
Event: 2870.100 Thread 0x00000280313ea800 Implicit null exception at 0x000002801e090d1d to 0x000002801e092bca
Event: 2870.229 Thread 0x00000280313ea800 Implicit null exception at 0x000002801db1166f to 0x000002801db11b4a

Events (10 events):
Event: 2870.264 loading class com/android/builder/internal/aapt/v2/Aapt2RenamingConventions
Event: 2870.264 loading class com/android/builder/internal/aapt/v2/Aapt2RenamingConventions done
Event: 2870.264 loading class com/android/builder/internal/aapt/v2/Aapt2Exception
Event: 2870.264 loading class com/android/builder/internal/aapt/v2/Aapt2Exception done
Event: 2870.265 loading class com/android/ide/common/blame/MergingLogPersistUtil
Event: 2870.265 loading class com/android/ide/common/blame/MergingLogPersistUtil done
Event: 2870.266 loading class com/android/ide/common/blame/MergingLogPersistUtil$SourcePositionsSerializer$JsonTypeAdapter
Event: 2870.266 loading class com/android/ide/common/blame/MergingLogPersistUtil$SourcePositionsSerializer$JsonTypeAdapter done
Event: 2870.270 Thread 0x00000280313ea800 DEOPT PACKING pc=0x0000028016b4fcc0 sp=0x000000f9f81fab00
Event: 2870.270 Thread 0x00000280313ea800 DEOPT UNPACKING pc=0x0000028015ae8d4e sp=0x000000f9f81fa030 mode 0


Dynamic libraries:
0x00007ff701c10000 - 0x00007ff701c1f000 	D:\Java\jdk-11.0.9\bin\java.exe
0x00007ff8a3270000 - 0x00007ff8a3466000 	C:\WINDOWS\SYSTEM32\ntdll.dll
0x00007ff8a13d0000 - 0x00007ff8a148d000 	C:\WINDOWS\System32\KERNEL32.DLL
0x00007ff8a0e10000 - 0x00007ff8a10d9000 	C:\WINDOWS\System32\KERNELBASE.dll
0x00007ff8a0a50000 - 0x00007ff8a0b50000 	C:\WINDOWS\System32\ucrtbase.dll
0x00007ff886a00000 - 0x00007ff886a18000 	D:\Java\jdk-11.0.9\bin\jli.dll
0x00007ff8a1490000 - 0x00007ff8a153c000 	C:\WINDOWS\System32\ADVAPI32.dll
0x00007ff8a2fd0000 - 0x00007ff8a306e000 	C:\WINDOWS\System32\msvcrt.dll
0x00007ff8a1b70000 - 0x00007ff8a1c0c000 	C:\WINDOWS\System32\sechost.dll
0x00007ff8a2810000 - 0x00007ff8a293b000 	C:\WINDOWS\System32\RPCRT4.dll
0x00007ff8a2550000 - 0x00007ff8a26f0000 	C:\WINDOWS\System32\USER32.dll
0x00007ff8a11f0000 - 0x00007ff8a1212000 	C:\WINDOWS\System32\win32u.dll
0x00007ff8a13a0000 - 0x00007ff8a13ca000 	C:\WINDOWS\System32\GDI32.dll
0x00007ff8a10e0000 - 0x00007ff8a11e9000 	C:\WINDOWS\System32\gdi32full.dll
0x00007ff881060000 - 0x00007ff8812fb000 	C:\WINDOWS\WinSxS\amd64_microsoft.windows.common-controls_6595b64144ccf1df_6.0.19041.488_none_ca04af081b815d21\COMCTL32.dll
0x00007ff8a09b0000 - 0x00007ff8a0a4d000 	C:\WINDOWS\System32\msvcp_win.dll
0x00007ff8993c0000 - 0x00007ff8993ca000 	C:\WINDOWS\SYSTEM32\VERSION.dll
0x00007ff882f10000 - 0x00007ff882f25000 	D:\Java\jdk-11.0.9\bin\VCRUNTIME140.dll
0x00007ff8a1540000 - 0x00007ff8a1570000 	C:\WINDOWS\System32\IMM32.DLL
0x00007ff873520000 - 0x00007ff8735bb000 	D:\Java\jdk-11.0.9\bin\msvcp140.dll
0x00007ff838eb0000 - 0x00007ff8399a7000 	D:\Java\jdk-11.0.9\bin\server\jvm.dll
0x00007ff8a1670000 - 0x00007ff8a1678000 	C:\WINDOWS\System32\PSAPI.DLL
0x00007ff895920000 - 0x00007ff895947000 	C:\WINDOWS\SYSTEM32\WINMM.dll
0x00007ff89e1e0000 - 0x00007ff89e1e9000 	C:\WINDOWS\SYSTEM32\WSOCK32.dll
0x00007ff8a2a90000 - 0x00007ff8a2afb000 	C:\WINDOWS\System32\WS2_32.dll
0x00007ff89e900000 - 0x00007ff89e912000 	C:\WINDOWS\SYSTEM32\kernel.appcore.dll
0x00007ff892c90000 - 0x00007ff892ca0000 	D:\Java\jdk-11.0.9\bin\verify.dll
0x00007ff898c90000 - 0x00007ff898e74000 	C:\WINDOWS\SYSTEM32\DBGHELP.DLL
0x00007ff898ea0000 - 0x00007ff898ecc000 	C:\WINDOWS\SYSTEM32\dbgcore.DLL
0x00007ff8a0cb0000 - 0x00007ff8a0d30000 	C:\WINDOWS\System32\bcryptPrimitives.dll
0x00007ff87f570000 - 0x00007ff87f598000 	D:\Java\jdk-11.0.9\bin\java.dll
0x00007ff88b6c0000 - 0x00007ff88b6ca000 	D:\Java\jdk-11.0.9\bin\jimage.dll
0x00007ff87b7c0000 - 0x00007ff87b7d6000 	D:\Java\jdk-11.0.9\bin\zip.dll
0x00007ff8a1c10000 - 0x00007ff8a2352000 	C:\WINDOWS\System32\SHELL32.dll
0x00007ff89eb00000 - 0x00007ff89f295000 	C:\WINDOWS\SYSTEM32\windows.storage.dll
0x00007ff8a1680000 - 0x00007ff8a19d6000 	C:\WINDOWS\System32\combase.dll
0x00007ff8a0420000 - 0x00007ff8a044c000 	C:\WINDOWS\SYSTEM32\Wldp.dll
0x00007ff8a24a0000 - 0x00007ff8a254e000 	C:\WINDOWS\System32\SHCORE.dll
0x00007ff8a19e0000 - 0x00007ff8a1a35000 	C:\WINDOWS\System32\shlwapi.dll
0x00007ff8a08e0000 - 0x00007ff8a0906000 	C:\WINDOWS\SYSTEM32\profapi.dll
0x00007ff87af30000 - 0x00007ff87af49000 	D:\Java\jdk-11.0.9\bin\net.dll
0x00007ff893000000 - 0x00007ff893100000 	C:\WINDOWS\SYSTEM32\WINHTTP.dll
0x00007ff8a01a0000 - 0x00007ff8a020a000 	C:\WINDOWS\system32\mswsock.dll
0x00007ff878980000 - 0x00007ff878992000 	D:\Java\jdk-11.0.9\bin\nio.dll
0x00007ff882fc0000 - 0x00007ff882fe7000 	C:\Users\15600\.gradle\native\f6784746aeab05261644944871eae4fe03e0ef1612fff0a4a95f87b438bc6780\windows-amd64\native-platform.dll
0x00007ff889460000 - 0x00007ff889469000 	D:\Java\jdk-11.0.9\bin\management.dll
0x00007ff882fb0000 - 0x00007ff882fbb000 	D:\Java\jdk-11.0.9\bin\management_ext.dll
0x00007ff8a0370000 - 0x00007ff8a0388000 	C:\WINDOWS\SYSTEM32\CRYPTSP.dll
0x00007ff89fac0000 - 0x00007ff89faf4000 	C:\WINDOWS\system32\rsaenh.dll
0x00007ff8a0d30000 - 0x00007ff8a0d57000 	C:\WINDOWS\System32\bcrypt.dll
0x00007ff8a0860000 - 0x00007ff8a088e000 	C:\WINDOWS\SYSTEM32\USERENV.dll
0x00007ff8a0390000 - 0x00007ff8a039c000 	C:\WINDOWS\SYSTEM32\CRYPTBASE.dll
0x00007ff89fe40000 - 0x00007ff89fe7b000 	C:\WINDOWS\SYSTEM32\IPHLPAPI.DLL
0x00007ff8a3070000 - 0x00007ff8a3078000 	C:\WINDOWS\System32\NSI.dll
0x00007ff899550000 - 0x00007ff899567000 	C:\WINDOWS\SYSTEM32\dhcpcsvc6.DLL
0x00007ff899990000 - 0x00007ff8999ad000 	C:\WINDOWS\SYSTEM32\dhcpcsvc.DLL
0x00007ff89fe80000 - 0x00007ff89ff4b000 	C:\WINDOWS\SYSTEM32\DNSAPI.dll
0x00007ff89ab10000 - 0x00007ff89ab1b000 	C:\WINDOWS\SYSTEM32\WINNSI.DLL
0x00007ff8786c0000 - 0x00007ff8786e5000 	D:\Java\jdk-11.0.9\bin\sunec.dll
0x00007ff892c80000 - 0x00007ff892c8a000 	C:\Windows\System32\rasadhlp.dll
0x00007ff892f80000 - 0x00007ff892fff000 	C:\WINDOWS\System32\fwpuclnt.dll
0x00007ff882cb0000 - 0x00007ff882cbd000 	D:\Java\jdk-11.0.9\bin\sunmscapi.dll
0x00007ff8a0b50000 - 0x00007ff8a0cad000 	C:\WINDOWS\System32\CRYPT32.dll
0x00007ff8a0490000 - 0x00007ff8a04b7000 	C:\WINDOWS\SYSTEM32\ncrypt.dll
0x00007ff8a0450000 - 0x00007ff8a048b000 	C:\WINDOWS\SYSTEM32\NTASN1.dll
0x00007ff89f6f0000 - 0x00007ff89f723000 	C:\WINDOWS\SYSTEM32\ntmarta.dll
0x00007ff868190000 - 0x00007ff86832a000 	D:\Java\jdk-11.0.9\bin\awt.dll
0x00007ff8a12d0000 - 0x00007ff8a139d000 	C:\WINDOWS\System32\OLEAUT32.dll
0x00007ff89e270000 - 0x00007ff89e300000 	C:\WINDOWS\SYSTEM32\apphelp.dll
0x00007ff89e720000 - 0x00007ff89e74f000 	C:\WINDOWS\system32\DWMAPI.DLL
0x00007ff89e360000 - 0x00007ff89e3fe000 	C:\WINDOWS\system32\uxtheme.dll

dbghelp: loaded successfully - version: 4.0.5 - missing functions: none
symbol engine: initialized successfully - sym options: 0x614 - pdb path: .;D:\Java\jdk-11.0.9\bin;C:\WINDOWS\SYSTEM32;C:\WINDOWS\WinSxS\amd64_microsoft.windows.common-controls_6595b64144ccf1df_6.0.19041.488_none_ca04af081b815d21;D:\Java\jdk-11.0.9\bin\server;C:\Users\15600\.gradle\native\f6784746aeab05261644944871eae4fe03e0ef1612fff0a4a95f87b438bc6780\windows-amd64

VM Arguments:
jvm_args: --add-opens=java.base/java.util=ALL-UNNAMED --add-opens=java.base/java.lang=ALL-UNNAMED --add-opens=java.base/java.lang.invoke=ALL-UNNAMED --add-opens=java.prefs/java.util.prefs=ALL-UNNAMED -Xmx2048m -Dfile.encoding=UTF-8 -Duser.country=CN -Duser.language=zh -Duser.variant 
java_command: org.gradle.launcher.daemon.bootstrap.GradleDaemon 6.5
java_class_path (initial): C:\Users\15600\.gradle\wrapper\dists\gradle-6.5-bin\6nifqtx7604sqp1q6g8wikw7p\gradle-6.5\lib\gradle-launcher-6.5.jar
Launcher Type: SUN_STANDARD

[Global flags]
     intx CICompilerCount                          = 4                                         {product} {ergonomic}
     uint ConcGCThreads                            = 3                                         {product} {ergonomic}
     uint G1ConcRefinementThreads                  = 10                                        {product} {ergonomic}
   size_t G1HeapRegionSize                         = 1048576                                   {product} {ergonomic}
    uintx GCDrainStackTargetSize                   = 64                                        {product} {ergonomic}
   size_t InitialHeapSize                          = 266338304                                 {product} {ergonomic}
   size_t MarkStackSize                            = 4194304                                   {product} {ergonomic}
   size_t MaxHeapSize                              = 2147483648                                {product} {command line}
   size_t MaxNewSize                               = 1287651328                                {product} {ergonomic}
   size_t MinHeapDeltaBytes                        = 1048576                                   {product} {ergonomic}
    uintx NonNMethodCodeHeapSize                   = 5836300                                {pd product} {ergonomic}
    uintx NonProfiledCodeHeapSize                  = 122910970                              {pd product} {ergonomic}
    uintx ProfiledCodeHeapSize                     = 122910970                              {pd product} {ergonomic}
    uintx ReservedCodeCacheSize                    = 251658240                              {pd product} {ergonomic}
     bool SegmentedCodeCache                       = true                                      {product} {ergonomic}
     bool UseCompressedClassPointers               = true                                 {lp64_product} {ergonomic}
     bool UseCompressedOops                        = true                                 {lp64_product} {ergonomic}
     bool UseG1GC                                  = true                                      {product} {ergonomic}
     bool UseLargePagesIndividualAllocation        = false                                  {pd product} {ergonomic}

Logging:
Log output configuration:
 #0: stdout all=warning uptime,level,tags
 #1: stderr all=off uptime,level,tags

Environment Variables:
JAVA_HOME=D:\Java\jdk-11.0.9
PATH=C:\Program Files (x86)\Razer Chroma SDK\bin;C:\Program Files\Razer Chroma SDK\bin;C:\ProgramData\Oracle\Java\javapath;C:\Program Files (x86)\Intel\Intel(R) Management Engine Components\iCLS\;C:\Program Files\Intel\Intel(R) Management Engine Components\iCLS\;C:\Windows\system32;C:\Windows;C:\Windows\System32\Wbem;C:\Windows\System32\WindowsPowerShell\v1.0\;C:\Windows\System32\OpenSSH\;C:\Program Files (x86)\Intel\Intel(R) Management Engine Components\DAL;C:\Program Files\Intel\Intel(R) Management Engine Components\DAL;C:\Program Files (x86)\Intel\Intel(R) Management Engine Components\IPT;C:\Program Files\Intel\Intel(R) Management Engine Components\IPT;C:\Program Files (x86)\NVIDIA Corporation\PhysX\Common;C:\Windows\system32\config\systemprofile\AppData\Local\Microsoft\WindowsApps;C:\Users\15600\AppData\Local\Android\Sdk\platform-tools;C:\Program Files\NVIDIA Corporation\NVIDIA NvDLISR;C:\WINDOWS\system32;C:\WINDOWS;C:\WINDOWS\System32\Wbem;C:\WINDOWS\System32\WindowsPowerShell\v1.0\;C:\WINDOWS\System32\OpenSSH\;D:\Java\jdk-11.0.9\bin;C:\Users\15600\AppData\Local\Microsoft\WindowsApps;D:\SSH Communications Security\SSH Secure Shell;D:\MongoDB\bin;C:\Users\15600\AppData\Local\atom\bin;%USERPROFILE%\AppData\Local\Microsoft\WindowsApps;
USERNAME=15600
OS=Windows_NT
PROCESSOR_IDENTIFIER=Intel64 Family 6 Model 158 Stepping 10, GenuineIntel



---------------  S Y S T E M  ---------------

OS: Windows 10 , 64 bit Build 19041 (10.0.19041.662)

CPU:total 12 (initial active 12) (6 cores per cpu, 2 threads per core) family 6 model 158 stepping 10, cmov, cx8, fxsr, mmx, sse, sse2, sse3, ssse3, sse4.1, sse4.2, popcnt, avx, avx2, aes, clmul, erms, 3dnowpref, lzcnt, ht, tsc, tscinvbit, bmi1, bmi2, adx, fma

Memory: 4k page, system-wide physical 16252M (3349M free)
TotalPageFile size 27004M (AvailPageFile size 3244M)
current process WorkingSet (physical memory assigned to process): 588M, peak: 590M
current process commit charge ("private bytes"): 659M, peak: 661M

vm_info: Java HotSpot(TM) 64-Bit Server VM (11.0.9+7-LTS) for windows-amd64 JRE (11.0.9+7-LTS), built on Sep 15 2020 16:47:03 by "mach5one" with MS VC++ 15.9 (VS2017)

END.
